{"/Users/ip9202/develop/vibe/mind-jelly/src/app/layout.tsx": {"path":"/Users/ip9202/develop/vibe/mind-jelly/src/app/layout.tsx","statementMap":{"0":{"start":{"line":46,"column":24},"end":{"line":46,"column":35}},"1":{"start":{"line":34,"column":13},"end":{"line":34,"column":34}},"2":{"start":{"line":2,"column":69},"end":{"line":2,"column":null}},"3":{"start":{"line":3,"column":30},"end":{"line":3,"column":null}},"4":{"start":{"line":4,"column":33},"end":{"line":4,"column":null}},"5":{"start":{"line":5,"column":7},"end":{"line":5,"column":null}},"6":{"start":{"line":7,"column":15},"end":{"line":12,"column":null}},"7":{"start":{"line":14,"column":14},"end":{"line":19,"column":null}},"8":{"start":{"line":21,"column":14},"end":{"line":26,"column":null}},"9":{"start":{"line":28,"column":20},"end":{"line":32,"column":null}},"10":{"start":{"line":34,"column":34},"end":{"line":44,"column":null}}},"fnMap":{"0":{"name":"RootLayout","decl":{"start":{"line":46,"column":24},"end":{"line":46,"column":35}},"loc":{"start":{"line":50,"column":2},"end":{"line":68,"column":null}}}},"branchMap":{},"s":{"0":0,"1":0,"2":0,"3":0,"4":0,"5":0,"6":0,"7":0,"8":0,"9":0,"10":0},"f":{"0":0},"b":{}}
,"/Users/ip9202/develop/vibe/mind-jelly/src/app/page.tsx": {"path":"/Users/ip9202/develop/vibe/mind-jelly/src/app/page.tsx","statementMap":{"0":{"start":{"line":8,"column":24},"end":{"line":8,"column":null}},"1":{"start":{"line":3,"column":17},"end":{"line":3,"column":null}},"2":{"start":{"line":4,"column":26},"end":{"line":4,"column":null}},"3":{"start":{"line":5,"column":26},"end":{"line":5,"column":null}},"4":{"start":{"line":6,"column":27},"end":{"line":6,"column":null}},"5":{"start":{"line":9,"column":17},"end":{"line":9,"column":null}},"6":{"start":{"line":11,"column":2},"end":{"line":16,"column":null}},"7":{"start":{"line":12,"column":26},"end":{"line":12,"column":null}},"8":{"start":{"line":13,"column":4},"end":{"line":15,"column":null}},"9":{"start":{"line":14,"column":6},"end":{"line":14,"column":null}}},"fnMap":{"0":{"name":"SplashPage","decl":{"start":{"line":8,"column":24},"end":{"line":8,"column":null}},"loc":{"start":{"line":8,"column":24},"end":{"line":85,"column":null}}},"1":{"name":"(anonymous_3)","decl":{"start":{"line":11,"column":12},"end":{"line":11,"column":null}},"loc":{"start":{"line":11,"column":12},"end":{"line":16,"column":5}}}},"branchMap":{"0":{"loc":{"start":{"line":13,"column":4},"end":{"line":15,"column":null}},"type":"if","locations":[{"start":{"line":13,"column":4},"end":{"line":15,"column":null}}]}},"s":{"0":0,"1":0,"2":0,"3":0,"4":0,"5":0,"6":0,"7":0,"8":0,"9":0},"f":{"0":0,"1":0},"b":{"0":[0]}}
,"/Users/ip9202/develop/vibe/mind-jelly/src/app/diary/page.tsx": {"path":"/Users/ip9202/develop/vibe/mind-jelly/src/app/diary/page.tsx","statementMap":{"0":{"start":{"line":134,"column":24},"end":{"line":134,"column":null}},"1":{"start":{"line":3,"column":56},"end":{"line":3,"column":null}},"2":{"start":{"line":4,"column":20},"end":{"line":4,"column":null}},"3":{"start":{"line":5,"column":28},"end":{"line":5,"column":null}},"4":{"start":{"line":6,"column":27},"end":{"line":6,"column":null}},"5":{"start":{"line":10,"column":23},"end":{"line":10,"column":null}},"6":{"start":{"line":10,"column":29},"end":{"line":10,"column":null}},"7":{"start":{"line":16,"column":4},"end":{"line":71,"column":null}},"8":{"start":{"line":74,"column":21},"end":{"line":74,"column":null}},"9":{"start":{"line":75,"column":19},"end":{"line":75,"column":null}},"10":{"start":{"line":81,"column":15},"end":{"line":81,"column":null}},"11":{"start":{"line":82,"column":16},"end":{"line":82,"column":null}},"12":{"start":{"line":83,"column":18},"end":{"line":83,"column":null}},"13":{"start":{"line":84,"column":17},"end":{"line":84,"column":null}},"14":{"start":{"line":85,"column":23},"end":{"line":85,"column":null}},"15":{"start":{"line":86,"column":2},"end":{"line":86,"column":null}},"16":{"start":{"line":93,"column":2},"end":{"line":93,"column":null}},"17":{"start":{"line":101,"column":19},"end":{"line":101,"column":null}},"18":{"start":{"line":102,"column":18},"end":{"line":102,"column":null}},"19":{"start":{"line":103,"column":25},"end":{"line":103,"column":44}},"20":{"start":{"line":104,"column":22},"end":{"line":104,"column":null}},"21":{"start":{"line":107,"column":23},"end":{"line":107,"column":null}},"22":{"start":{"line":108,"column":34},"end":{"line":108,"column":null}},"23":{"start":{"line":110,"column":2},"end":{"line":112,"column":null}},"24":{"start":{"line":110,"column":15},"end":{"line":110,"column":18}},"25":{"start":{"line":111,"column":4},"end":{"line":111,"column":null}},"26":{"start":{"line":115,"column":2},"end":{"line":117,"column":null}},"27":{"start":{"line":116,"column":4},"end":{"line":116,"column":null}},"28":{"start":{"line":119,"column":2},"end":{"line":119,"column":null}},"29":{"start":{"line":126,"column":12},"end":{"line":126,"column":null}},"30":{"start":{"line":127,"column":14},"end":{"line":127,"column":null}},"31":{"start":{"line":128,"column":15},"end":{"line":128,"column":null}},"32":{"start":{"line":129,"column":2},"end":{"line":129,"column":null}},"33":{"start":{"line":130,"column":2},"end":{"line":130,"column":null}},"34":{"start":{"line":131,"column":2},"end":{"line":131,"column":null}},"35":{"start":{"line":135,"column":18},"end":{"line":135,"column":null}},"36":{"start":{"line":135,"column":61},"end":{"line":135,"column":67}},"37":{"start":{"line":135,"column":73},"end":{"line":135,"column":null}},"38":{"start":{"line":137,"column":16},"end":{"line":137,"column":null}},"39":{"start":{"line":138,"column":40},"end":{"line":138,"column":null}},"40":{"start":{"line":139,"column":42},"end":{"line":139,"column":null}},"41":{"start":{"line":140,"column":42},"end":{"line":140,"column":null}},"42":{"start":{"line":143,"column":18},"end":{"line":143,"column":null}},"43":{"start":{"line":143,"column":40},"end":{"line":143,"column":53}},"44":{"start":{"line":146,"column":24},"end":{"line":154,"column":null}},"45":{"start":{"line":147,"column":4},"end":{"line":153,"column":null}},"46":{"start":{"line":148,"column":6},"end":{"line":151,"column":null}},"47":{"start":{"line":149,"column":8},"end":{"line":149,"column":null}},"48":{"start":{"line":149,"column":30},"end":{"line":149,"column":null}},"49":{"start":{"line":150,"column":8},"end":{"line":150,"column":null}},"50":{"start":{"line":152,"column":6},"end":{"line":152,"column":null}},"51":{"start":{"line":156,"column":24},"end":{"line":164,"column":null}},"52":{"start":{"line":157,"column":4},"end":{"line":163,"column":null}},"53":{"start":{"line":158,"column":6},"end":{"line":161,"column":null}},"54":{"start":{"line":159,"column":8},"end":{"line":159,"column":null}},"55":{"start":{"line":159,"column":30},"end":{"line":159,"column":null}},"56":{"start":{"line":160,"column":8},"end":{"line":160,"column":null}},"57":{"start":{"line":162,"column":6},"end":{"line":162,"column":null}},"58":{"start":{"line":167,"column":23},"end":{"line":169,"column":null}},"59":{"start":{"line":168,"column":10},"end":{"line":168,"column":null}},"60":{"start":{"line":173,"column":23},"end":{"line":176,"column":null}},"61":{"start":{"line":175,"column":6},"end":{"line":175,"column":null}},"62":{"start":{"line":180,"column":26},"end":{"line":190,"column":null}},"63":{"start":{"line":181,"column":19},"end":{"line":181,"column":null}},"64":{"start":{"line":182,"column":4},"end":{"line":188,"column":null}},"65":{"start":{"line":183,"column":16},"end":{"line":183,"column":null}},"66":{"start":{"line":185,"column":6},"end":{"line":187,"column":null}},"67":{"start":{"line":186,"column":8},"end":{"line":186,"column":null}},"68":{"start":{"line":189,"column":4},"end":{"line":189,"column":null}},"69":{"start":{"line":193,"column":21},"end":{"line":202,"column":null}},"70":{"start":{"line":195,"column":6},"end":{"line":200,"column":null}},"71":{"start":{"line":200,"column":12},"end":{"line":200,"column":null}},"72":{"start":{"line":206,"column":24},"end":{"line":248,"column":null}},"73":{"start":{"line":207,"column":19},"end":{"line":207,"column":null}},"74":{"start":{"line":208,"column":40},"end":{"line":218,"column":null}},"75":{"start":{"line":220,"column":4},"end":{"line":247,"column":null}},"76":{"start":{"line":221,"column":18},"end":{"line":221,"column":null}},"77":{"start":{"line":222,"column":6},"end":{"line":222,"column":null}},"78":{"start":{"line":223,"column":25},"end":{"line":225,"column":null}},"79":{"start":{"line":227,"column":20},"end":{"line":227,"column":37}},"80":{"start":{"line":228,"column":6},"end":{"line":228,"column":null}},"81":{"start":{"line":228,"column":23},"end":{"line":228,"column":null}},"82":{"start":{"line":230,"column":68},"end":{"line":230,"column":70}},"83":{"start":{"line":231,"column":6},"end":{"line":239,"column":null}},"84":{"start":{"line":232,"column":22},"end":{"line":232,"column":76}},"85":{"start":{"line":232,"column":47},"end":{"line":232,"column":70}},"86":{"start":{"line":233,"column":8},"end":{"line":238,"column":null}},"87":{"start":{"line":234,"column":10},"end":{"line":237,"column":null}},"88":{"start":{"line":241,"column":6},"end":{"line":246,"column":null}},"89":{"start":{"line":295,"column":14},"end":{"line":296,"column":null}},"90":{"start":{"line":303,"column":14},"end":{"line":305,"column":null}},"91":{"start":{"line":304,"column":16},"end":{"line":304,"column":49}},"92":{"start":{"line":307,"column":30},"end":{"line":307,"column":null}},"93":{"start":{"line":309,"column":16},"end":{"line":309,"column":null}},"94":{"start":{"line":310,"column":31},"end":{"line":310,"column":null}},"95":{"start":{"line":312,"column":14},"end":{"line":314,"column":null}},"96":{"start":{"line":315,"column":33},"end":{"line":315,"column":null}},"97":{"start":{"line":358,"column":16},"end":{"line":358,"column":46}},"98":{"start":{"line":370,"column":50},"end":{"line":370,"column":null}},"99":{"start":{"line":380,"column":16},"end":{"line":392,"column":null}},"100":{"start":{"line":381,"column":18},"end":{"line":383,"column":null}},"101":{"start":{"line":394,"column":16},"end":{"line":396,"column":null}},"102":{"start":{"line":414,"column":24},"end":{"line":415,"column":null}},"103":{"start":{"line":438,"column":2},"end":{"line":438,"column":null}},"104":{"start":{"line":438,"column":25},"end":{"line":438,"column":null}},"105":{"start":{"line":439,"column":2},"end":{"line":439,"column":null}},"106":{"start":{"line":439,"column":25},"end":{"line":439,"column":null}},"107":{"start":{"line":440,"column":2},"end":{"line":440,"column":null}},"108":{"start":{"line":447,"column":13},"end":{"line":447,"column":38}},"109":{"start":{"line":448,"column":25},"end":{"line":448,"column":null}},"110":{"start":{"line":448,"column":43},"end":{"line":448,"column":59}},"111":{"start":{"line":449,"column":34},"end":{"line":449,"column":null}},"112":{"start":{"line":450,"column":36},"end":{"line":450,"column":null}},"113":{"start":{"line":453,"column":4},"end":{"line":453,"column":null}},"114":{"start":{"line":453,"column":37},"end":{"line":453,"column":null}},"115":{"start":{"line":454,"column":4},"end":{"line":454,"column":null}},"116":{"start":{"line":455,"column":4},"end":{"line":461,"column":null}},"117":{"start":{"line":456,"column":6},"end":{"line":456,"column":null}},"118":{"start":{"line":460,"column":6},"end":{"line":460,"column":null}},"119":{"start":{"line":468,"column":23},"end":{"line":468,"column":null}},"120":{"start":{"line":490,"column":32},"end":{"line":490,"column":53}},"121":{"start":{"line":490,"column":53},"end":{"line":490,"column":69}},"122":{"start":{"line":517,"column":25},"end":{"line":517,"column":null}},"123":{"start":{"line":523,"column":28},"end":{"line":523,"column":null}},"124":{"start":{"line":545,"column":31},"end":{"line":545,"column":null}},"125":{"start":{"line":574,"column":12},"end":{"line":574,"column":null}},"126":{"start":{"line":575,"column":12},"end":{"line":575,"column":null}},"127":{"start":{"line":576,"column":12},"end":{"line":576,"column":null}},"128":{"start":{"line":577,"column":2},"end":{"line":577,"column":null}}},"fnMap":{"0":{"name":"(anonymous_2)","decl":{"start":{"line":10,"column":23},"end":{"line":10,"column":29}},"loc":{"start":{"line":10,"column":29},"end":{"line":10,"column":null}}},"1":{"name":"(anonymous_3)","decl":{"start":{"line":10,"column":29},"end":{"line":10,"column":36}},"loc":{"start":{"line":10,"column":29},"end":{"line":10,"column":null}}},"2":{"name":"formatTimeKo","decl":{"start":{"line":80,"column":9},"end":{"line":80,"column":22}},"loc":{"start":{"line":80,"column":39},"end":{"line":87,"column":null}}},"3":{"name":"formatMonthKo","decl":{"start":{"line":92,"column":9},"end":{"line":92,"column":23}},"loc":{"start":{"line":92,"column":50},"end":{"line":94,"column":null}}},"4":{"name":"getCalendarDays","decl":{"start":{"line":100,"column":9},"end":{"line":100,"column":25}},"loc":{"start":{"line":100,"column":52},"end":{"line":120,"column":null}}},"5":{"name":"getMondayIndex","decl":{"start":{"line":125,"column":9},"end":{"line":125,"column":24}},"loc":{"start":{"line":125,"column":34},"end":{"line":132,"column":null}}},"6":{"name":"DiaryPage","decl":{"start":{"line":134,"column":24},"end":{"line":134,"column":null}},"loc":{"start":{"line":134,"column":24},"end":{"line":432,"column":null}}},"7":{"name":"(anonymous_9)","decl":{"start":{"line":135,"column":55},"end":{"line":135,"column":61}},"loc":{"start":{"line":135,"column":61},"end":{"line":135,"column":67}}},"8":{"name":"(anonymous_10)","decl":{"start":{"line":135,"column":67},"end":{"line":135,"column":73}},"loc":{"start":{"line":135,"column":73},"end":{"line":135,"column":null}}},"9":{"name":"(anonymous_11)","decl":{"start":{"line":143,"column":29},"end":{"line":143,"column":30}},"loc":{"start":{"line":143,"column":40},"end":{"line":143,"column":53}}},"10":{"name":"(anonymous_12)","decl":{"start":{"line":146,"column":24},"end":{"line":146,"column":null}},"loc":{"start":{"line":146,"column":24},"end":{"line":154,"column":null}}},"11":{"name":"(anonymous_13)","decl":{"start":{"line":147,"column":20},"end":{"line":147,"column":21}},"loc":{"start":{"line":147,"column":21},"end":{"line":153,"column":null}}},"12":{"name":"(anonymous_14)","decl":{"start":{"line":149,"column":23},"end":{"line":149,"column":24}},"loc":{"start":{"line":149,"column":30},"end":{"line":149,"column":null}}},"13":{"name":"(anonymous_15)","decl":{"start":{"line":156,"column":24},"end":{"line":156,"column":null}},"loc":{"start":{"line":156,"column":24},"end":{"line":164,"column":null}}},"14":{"name":"(anonymous_16)","decl":{"start":{"line":157,"column":20},"end":{"line":157,"column":21}},"loc":{"start":{"line":157,"column":21},"end":{"line":163,"column":null}}},"15":{"name":"(anonymous_17)","decl":{"start":{"line":159,"column":23},"end":{"line":159,"column":24}},"loc":{"start":{"line":159,"column":30},"end":{"line":159,"column":null}}},"16":{"name":"(anonymous_18)","decl":{"start":{"line":168,"column":4},"end":{"line":168,"column":10}},"loc":{"start":{"line":168,"column":10},"end":{"line":168,"column":null}}},"17":{"name":"(anonymous_19)","decl":{"start":{"line":174,"column":4},"end":{"line":174,"column":null}},"loc":{"start":{"line":175,"column":6},"end":{"line":175,"column":null}}},"18":{"name":"(anonymous_20)","decl":{"start":{"line":180,"column":34},"end":{"line":180,"column":null}},"loc":{"start":{"line":180,"column":34},"end":{"line":190,"column":5}}},"19":{"name":"(anonymous_21)","decl":{"start":{"line":182,"column":25},"end":{"line":182,"column":26}},"loc":{"start":{"line":182,"column":26},"end":{"line":188,"column":null}}},"20":{"name":"(anonymous_22)","decl":{"start":{"line":194,"column":4},"end":{"line":194,"column":null}},"loc":{"start":{"line":195,"column":6},"end":{"line":200,"column":null}}},"21":{"name":"(anonymous_23)","decl":{"start":{"line":199,"column":10},"end":{"line":199,"column":11}},"loc":{"start":{"line":200,"column":12},"end":{"line":200,"column":null}}},"22":{"name":"(anonymous_24)","decl":{"start":{"line":206,"column":32},"end":{"line":206,"column":null}},"loc":{"start":{"line":206,"column":32},"end":{"line":248,"column":5}}},"23":{"name":"(anonymous_25)","decl":{"start":{"line":220,"column":37},"end":{"line":220,"column":38}},"loc":{"start":{"line":220,"column":41},"end":{"line":247,"column":null}}},"24":{"name":"(anonymous_26)","decl":{"start":{"line":231,"column":27},"end":{"line":231,"column":28}},"loc":{"start":{"line":231,"column":28},"end":{"line":239,"column":null}}},"25":{"name":"(anonymous_27)","decl":{"start":{"line":232,"column":40},"end":{"line":232,"column":41}},"loc":{"start":{"line":232,"column":47},"end":{"line":232,"column":70}}},"26":{"name":"(anonymous_28)","decl":{"start":{"line":294,"column":30},"end":{"line":294,"column":31}},"loc":{"start":{"line":295,"column":14},"end":{"line":296,"column":null}}},"27":{"name":"(anonymous_29)","decl":{"start":{"line":302,"column":30},"end":{"line":302,"column":31}},"loc":{"start":{"line":302,"column":36},"end":{"line":328,"column":null}}},"28":{"name":"(anonymous_30)","decl":{"start":{"line":315,"column":27},"end":{"line":315,"column":33}},"loc":{"start":{"line":315,"column":33},"end":{"line":315,"column":null}}},"29":{"name":"(anonymous_31)","decl":{"start":{"line":357,"column":30},"end":{"line":357,"column":31}},"loc":{"start":{"line":358,"column":16},"end":{"line":358,"column":46}}},"30":{"name":"(anonymous_32)","decl":{"start":{"line":370,"column":43},"end":{"line":370,"column":44}},"loc":{"start":{"line":370,"column":50},"end":{"line":370,"column":null}}},"31":{"name":"(anonymous_33)","decl":{"start":{"line":379,"column":33},"end":{"line":379,"column":34}},"loc":{"start":{"line":379,"column":40},"end":{"line":423,"column":null}}},"32":{"name":"(anonymous_34)","decl":{"start":{"line":413,"column":41},"end":{"line":413,"column":42}},"loc":{"start":{"line":414,"column":24},"end":{"line":415,"column":null}}},"33":{"name":"getConfidenceLabel","decl":{"start":{"line":437,"column":9},"end":{"line":437,"column":28}},"loc":{"start":{"line":437,"column":46},"end":{"line":441,"column":null}}},"34":{"name":"TimelineEntry","decl":{"start":{"line":446,"column":9},"end":{"line":446,"column":23}},"loc":{"start":{"line":446,"column":55},"end":{"line":568,"column":null}}},"35":{"name":"(anonymous_37)","decl":{"start":{"line":448,"column":36},"end":{"line":448,"column":37}},"loc":{"start":{"line":448,"column":43},"end":{"line":448,"column":59}}},"36":{"name":"handleToggle","decl":{"start":{"line":452,"column":17},"end":{"line":452,"column":null}},"loc":{"start":{"line":452,"column":17},"end":{"line":462,"column":null}}},"37":{"name":"(anonymous_39)","decl":{"start":{"line":468,"column":17},"end":{"line":468,"column":23}},"loc":{"start":{"line":468,"column":23},"end":{"line":468,"column":null}}},"38":{"name":"(anonymous_40)","decl":{"start":{"line":490,"column":23},"end":{"line":490,"column":24}},"loc":{"start":{"line":490,"column":24},"end":{"line":490,"column":null}}},"39":{"name":"(anonymous_41)","decl":{"start":{"line":517,"column":19},"end":{"line":517,"column":25}},"loc":{"start":{"line":517,"column":25},"end":{"line":517,"column":null}}},"40":{"name":"(anonymous_42)","decl":{"start":{"line":523,"column":21},"end":{"line":523,"column":22}},"loc":{"start":{"line":523,"column":28},"end":{"line":523,"column":null}}},"41":{"name":"(anonymous_43)","decl":{"start":{"line":545,"column":25},"end":{"line":545,"column":31}},"loc":{"start":{"line":545,"column":31},"end":{"line":545,"column":null}}},"42":{"name":"formatDateKey","decl":{"start":{"line":573,"column":9},"end":{"line":573,"column":23}},"loc":{"start":{"line":573,"column":33},"end":{"line":578,"column":null}}}},"branchMap":{"0":{"loc":{"start":{"line":84,"column":17},"end":{"line":84,"column":null}},"type":"cond-expr","locations":[{"start":{"line":84,"column":30},"end":{"line":84,"column":37}},{"start":{"line":84,"column":37},"end":{"line":84,"column":null}}]},"1":{"loc":{"start":{"line":85,"column":23},"end":{"line":85,"column":null}},"type":"cond-expr","locations":[{"start":{"line":85,"column":37},"end":{"line":85,"column":42}},{"start":{"line":85,"column":42},"end":{"line":85,"column":null}}]},"2":{"loc":{"start":{"line":85,"column":42},"end":{"line":85,"column":null}},"type":"cond-expr","locations":[{"start":{"line":85,"column":55},"end":{"line":85,"column":68}},{"start":{"line":85,"column":68},"end":{"line":85,"column":null}}]},"3":{"loc":{"start":{"line":128,"column":15},"end":{"line":128,"column":null}},"type":"cond-expr","locations":[{"start":{"line":128,"column":27},"end":{"line":128,"column":32}},{"start":{"line":128,"column":32},"end":{"line":128,"column":null}}]},"4":{"loc":{"start":{"line":148,"column":6},"end":{"line":151,"column":null}},"type":"if","locations":[{"start":{"line":148,"column":6},"end":{"line":151,"column":null}}]},"5":{"loc":{"start":{"line":158,"column":6},"end":{"line":161,"column":null}},"type":"if","locations":[{"start":{"line":158,"column":6},"end":{"line":161,"column":null}}]},"6":{"loc":{"start":{"line":185,"column":6},"end":{"line":187,"column":null}},"type":"if","locations":[{"start":{"line":185,"column":6},"end":{"line":187,"column":null}}]},"7":{"loc":{"start":{"line":185,"column":10},"end":{"line":185,"column":80}},"type":"binary-expr","locations":[{"start":{"line":185,"column":10},"end":{"line":185,"column":45}},{"start":{"line":185,"column":45},"end":{"line":185,"column":80}}]},"8":{"loc":{"start":{"line":228,"column":6},"end":{"line":228,"column":null}},"type":"if","locations":[{"start":{"line":228,"column":6},"end":{"line":228,"column":null}}]},"9":{"loc":{"start":{"line":233,"column":8},"end":{"line":238,"column":null}},"type":"if","locations":[{"start":{"line":233,"column":8},"end":{"line":238,"column":null}}]},"10":{"loc":{"start":{"line":303,"column":14},"end":{"line":305,"column":null}},"type":"if","locations":[{"start":{"line":303,"column":14},"end":{"line":305,"column":null}}]},"11":{"loc":{"start":{"line":317,"column":20},"end":{"line":319,"column":null}},"type":"cond-expr","locations":[{"start":{"line":318,"column":24},"end":{"line":318,"column":null}},{"start":{"line":319,"column":24},"end":{"line":319,"column":null}}]},"12":{"loc":{"start":{"line":323,"column":19},"end":{"line":323,"column":30}},"type":"binary-expr","locations":[{"start":{"line":323,"column":19},"end":{"line":323,"column":30}},{"start":{"line":323,"column":30},"end":{"line":323,"column":null}}]},"13":{"loc":{"start":{"line":344,"column":12},"end":{"line":356,"column":13}},"type":"cond-expr","locations":[{"start":{"line":344,"column":12},"end":{"line":356,"column":13}}]},"14":{"loc":{"start":{"line":342,"column":11},"end":{"line":342,"column":null}},"type":"binary-expr","locations":[{"start":{"line":342,"column":11},"end":{"line":342,"column":23}},{"start":{"line":342,"column":23},"end":{"line":342,"column":null}}]},"15":{"loc":{"start":{"line":372,"column":12},"end":{"line":378,"column":13}},"type":"cond-expr","locations":[{"start":{"line":372,"column":12},"end":{"line":378,"column":13}}]},"16":{"loc":{"start":{"line":370,"column":11},"end":{"line":370,"column":null}},"type":"binary-expr","locations":[{"start":{"line":370,"column":11},"end":{"line":370,"column":23}},{"start":{"line":370,"column":23},"end":{"line":370,"column":null}}]},"17":{"loc":{"start":{"line":380,"column":16},"end":{"line":392,"column":null}},"type":"if","locations":[{"start":{"line":380,"column":16},"end":{"line":392,"column":null}}]},"18":{"loc":{"start":{"line":401,"column":24},"end":{"line":403,"column":null}},"type":"cond-expr","locations":[{"start":{"line":402,"column":28},"end":{"line":402,"column":null}},{"start":{"line":403,"column":28},"end":{"line":403,"column":null}}]},"19":{"loc":{"start":{"line":406,"column":23},"end":{"line":406,"column":55}},"type":"cond-expr","locations":[{"start":{"line":406,"column":38},"end":{"line":406,"column":45}},{"start":{"line":406,"column":45},"end":{"line":406,"column":55}}]},"20":{"loc":{"start":{"line":410,"column":24},"end":{"line":410,"column":null}},"type":"cond-expr","locations":[{"start":{"line":410,"column":39},"end":{"line":410,"column":70}},{"start":{"line":410,"column":70},"end":{"line":410,"column":null}}]},"21":{"loc":{"start":{"line":438,"column":2},"end":{"line":438,"column":null}},"type":"if","locations":[{"start":{"line":438,"column":2},"end":{"line":438,"column":null}}]},"22":{"loc":{"start":{"line":439,"column":2},"end":{"line":439,"column":null}},"type":"if","locations":[{"start":{"line":439,"column":2},"end":{"line":439,"column":null}}]},"23":{"loc":{"start":{"line":453,"column":4},"end":{"line":453,"column":null}},"type":"if","locations":[{"start":{"line":453,"column":4},"end":{"line":453,"column":null}}]},"24":{"loc":{"start":{"line":453,"column":8},"end":{"line":453,"column":37}},"type":"binary-expr","locations":[{"start":{"line":453,"column":8},"end":{"line":453,"column":20}},{"start":{"line":453,"column":20},"end":{"line":453,"column":37}}]},"25":{"loc":{"start":{"line":487,"column":9},"end":{"line":487,"column":null}},"type":"binary-expr","locations":[{"start":{"line":487,"column":9},"end":{"line":487,"column":null}}]},"26":{"loc":{"start":{"line":492,"column":26},"end":{"line":492,"column":null}},"type":"cond-expr","locations":[{"start":{"line":492,"column":43},"end":{"line":492,"column":69}},{"start":{"line":492,"column":69},"end":{"line":492,"column":null}}]},"27":{"loc":{"start":{"line":494,"column":16},"end":{"line":496,"column":null}},"type":"cond-expr","locations":[{"start":{"line":495,"column":20},"end":{"line":495,"column":null}},{"start":{"line":496,"column":20},"end":{"line":496,"column":null}}]},"28":{"loc":{"start":{"line":504,"column":17},"end":{"line":504,"column":null}},"type":"cond-expr","locations":[{"start":{"line":504,"column":34},"end":{"line":504,"column":48}},{"start":{"line":504,"column":48},"end":{"line":504,"column":null}}]},"29":{"loc":{"start":{"line":506,"column":15},"end":{"line":506,"column":null}},"type":"cond-expr","locations":[{"start":{"line":506,"column":26},"end":{"line":506,"column":34}},{"start":{"line":506,"column":34},"end":{"line":506,"column":null}}]},"30":{"loc":{"start":{"line":506,"column":34},"end":{"line":506,"column":null}},"type":"cond-expr","locations":[{"start":{"line":506,"column":51},"end":{"line":506,"column":61}},{"start":{"line":506,"column":61},"end":{"line":506,"column":null}}]},"31":{"loc":{"start":{"line":513,"column":7},"end":{"line":513,"column":null}},"type":"binary-expr","locations":[{"start":{"line":513,"column":7},"end":{"line":513,"column":null}}]}},"s":{"0":19,"1":2,"2":2,"3":2,"4":2,"5":2,"6":19,"7":2,"8":2,"9":2,"10":42,"11":42,"12":42,"13":42,"14":42,"15":42,"16":19,"17":19,"18":19,"19":19,"20":19,"21":19,"22":19,"23":19,"24":19,"25":589,"26":19,"27":114,"28":19,"29":19,"30":19,"31":19,"32":19,"33":19,"34":19,"35":19,"36":57,"37":0,"38":19,"39":19,"40":19,"41":19,"42":19,"43":19,"44":19,"45":0,"46":0,"47":0,"48":0,"49":0,"50":0,"51":19,"52":0,"53":0,"54":0,"55":0,"56":0,"57":0,"58":19,"59":19,"60":19,"61":19,"62":19,"63":19,"64":19,"65":22,"66":22,"67":22,"68":19,"69":19,"70":19,"71":11,"72":19,"73":19,"74":19,"75":19,"76":133,"77":133,"78":133,"79":133,"80":133,"81":122,"82":11,"83":11,"84":99,"85":198,"86":99,"87":22,"88":11,"89":133,"90":798,"91":209,"92":589,"93":589,"94":589,"95":589,"96":0,"97":22,"98":78,"99":77,"100":66,"101":11,"102":22,"103":9,"104":9,"105":0,"106":0,"107":0,"108":33,"109":33,"110":33,"111":33,"112":33,"113":0,"114":0,"115":0,"116":0,"117":0,"118":0,"119":9,"120":0,"121":0,"122":1,"123":1,"124":1,"125":1200,"126":1200,"127":1200,"128":1200},"f":{"0":19,"1":19,"2":42,"3":19,"4":19,"5":19,"6":19,"7":57,"8":0,"9":19,"10":0,"11":0,"12":0,"13":0,"14":0,"15":0,"16":19,"17":19,"18":19,"19":22,"20":19,"21":11,"22":19,"23":133,"24":99,"25":198,"26":133,"27":798,"28":0,"29":22,"30":78,"31":77,"32":22,"33":9,"34":33,"35":33,"36":0,"37":9,"38":0,"39":1,"40":1,"41":1,"42":1200},"b":{"0":[0,42],"1":[0,42],"2":[42,0],"3":[0,19],"4":[0],"5":[0],"6":[22],"7":[22,22],"8":[122],"9":[22],"10":[209],"11":[19,570],"12":[589,589],"13":[8],"14":[19,19],"15":[8],"16":[19,19],"17":[66],"18":[0,11],"19":[0,11],"20":[0,11],"21":[9],"22":[0],"23":[0],"24":[0,0],"25":[33],"26":[11,22],"27":[11,22],"28":[11,22],"29":[0,33],"30":[11,22],"31":[33]}}
,"/Users/ip9202/develop/vibe/mind-jelly/src/app/friends/page.tsx": {"path":"/Users/ip9202/develop/vibe/mind-jelly/src/app/friends/page.tsx","statementMap":{"0":{"start":{"line":541,"column":24},"end":{"line":541,"column":null}},"1":{"start":{"line":3,"column":49},"end":{"line":3,"column":null}},"2":{"start":{"line":4,"column":17},"end":{"line":4,"column":null}},"3":{"start":{"line":5,"column":20},"end":{"line":5,"column":null}},"4":{"start":{"line":6,"column":27},"end":{"line":6,"column":null}},"5":{"start":{"line":17,"column":7},"end":{"line":17,"column":null}},"6":{"start":{"line":65,"column":18},"end":{"line":65,"column":null}},"7":{"start":{"line":66,"column":16},"end":{"line":70,"column":null}},"8":{"start":{"line":81,"column":17},"end":{"line":81,"column":null}},"9":{"start":{"line":82,"column":14},"end":{"line":82,"column":null}},"10":{"start":{"line":83,"column":2},"end":{"line":83,"column":null}},"11":{"start":{"line":83,"column":15},"end":{"line":83,"column":null}},"12":{"start":{"line":84,"column":2},"end":{"line":84,"column":null}},"13":{"start":{"line":84,"column":16},"end":{"line":84,"column":null}},"14":{"start":{"line":85,"column":13},"end":{"line":85,"column":null}},"15":{"start":{"line":86,"column":2},"end":{"line":86,"column":null}},"16":{"start":{"line":86,"column":15},"end":{"line":86,"column":null}},"17":{"start":{"line":87,"column":14},"end":{"line":87,"column":null}},"18":{"start":{"line":88,"column":2},"end":{"line":88,"column":null}},"19":{"start":{"line":88,"column":15},"end":{"line":88,"column":null}},"20":{"start":{"line":89,"column":2},"end":{"line":89,"column":null}},"21":{"start":{"line":94,"column":26},"end":{"line":94,"column":null}},"22":{"start":{"line":95,"column":36},"end":{"line":95,"column":null}},"23":{"start":{"line":96,"column":30},"end":{"line":96,"column":null}},"24":{"start":{"line":97,"column":42},"end":{"line":99,"column":null}},"25":{"start":{"line":100,"column":28},"end":{"line":100,"column":null}},"26":{"start":{"line":101,"column":30},"end":{"line":101,"column":null}},"27":{"start":{"line":102,"column":44},"end":{"line":102,"column":null}},"28":{"start":{"line":104,"column":21},"end":{"line":121,"column":null}},"29":{"start":{"line":105,"column":4},"end":{"line":120,"column":null}},"30":{"start":{"line":106,"column":26},"end":{"line":106,"column":null}},"31":{"start":{"line":107,"column":24},"end":{"line":111,"column":null}},"32":{"start":{"line":109,"column":10},"end":{"line":109,"column":76}},"33":{"start":{"line":112,"column":6},"end":{"line":115,"column":null}},"34":{"start":{"line":113,"column":8},"end":{"line":113,"column":null}},"35":{"start":{"line":114,"column":8},"end":{"line":114,"column":null}},"36":{"start":{"line":116,"column":23},"end":{"line":116,"column":null}},"37":{"start":{"line":116,"column":63},"end":{"line":116,"column":null}},"38":{"start":{"line":117,"column":6},"end":{"line":117,"column":null}},"39":{"start":{"line":117,"column":61},"end":{"line":117,"column":null}},"40":{"start":{"line":123,"column":2},"end":{"line":126,"column":null}},"41":{"start":{"line":125,"column":4},"end":{"line":125,"column":null}},"42":{"start":{"line":129,"column":4},"end":{"line":129,"column":null}},"43":{"start":{"line":129,"column":22},"end":{"line":129,"column":null}},"44":{"start":{"line":130,"column":4},"end":{"line":130,"column":null}},"45":{"start":{"line":131,"column":4},"end":{"line":131,"column":null}},"46":{"start":{"line":132,"column":4},"end":{"line":132,"column":null}},"47":{"start":{"line":133,"column":4},"end":{"line":133,"column":null}},"48":{"start":{"line":134,"column":4},"end":{"line":153,"column":null}},"49":{"start":{"line":135,"column":19},"end":{"line":135,"column":null}},"50":{"start":{"line":136,"column":6},"end":{"line":139,"column":null}},"51":{"start":{"line":137,"column":8},"end":{"line":137,"column":null}},"52":{"start":{"line":138,"column":8},"end":{"line":138,"column":null}},"53":{"start":{"line":140,"column":6},"end":{"line":143,"column":null}},"54":{"start":{"line":141,"column":8},"end":{"line":141,"column":null}},"55":{"start":{"line":142,"column":8},"end":{"line":142,"column":null}},"56":{"start":{"line":144,"column":6},"end":{"line":144,"column":null}},"57":{"start":{"line":145,"column":21},"end":{"line":145,"column":null}},"58":{"start":{"line":146,"column":6},"end":{"line":148,"column":null}},"59":{"start":{"line":146,"column":41},"end":{"line":146,"column":null}},"60":{"start":{"line":147,"column":11},"end":{"line":148,"column":null}},"61":{"start":{"line":147,"column":45},"end":{"line":147,"column":null}},"62":{"start":{"line":148,"column":11},"end":{"line":148,"column":null}},"63":{"start":{"line":150,"column":6},"end":{"line":150,"column":null}},"64":{"start":{"line":152,"column":6},"end":{"line":152,"column":null}},"65":{"start":{"line":157,"column":4},"end":{"line":157,"column":null}},"66":{"start":{"line":157,"column":17},"end":{"line":157,"column":null}},"67":{"start":{"line":158,"column":4},"end":{"line":158,"column":null}},"68":{"start":{"line":159,"column":4},"end":{"line":159,"column":null}},"69":{"start":{"line":160,"column":4},"end":{"line":173,"column":null}},"70":{"start":{"line":161,"column":6},"end":{"line":161,"column":null}},"71":{"start":{"line":162,"column":6},"end":{"line":162,"column":null}},"72":{"start":{"line":164,"column":20},"end":{"line":164,"column":null}},"73":{"start":{"line":165,"column":6},"end":{"line":170,"column":null}},"74":{"start":{"line":166,"column":8},"end":{"line":166,"column":null}},"75":{"start":{"line":167,"column":8},"end":{"line":167,"column":null}},"76":{"start":{"line":169,"column":8},"end":{"line":169,"column":null}},"77":{"start":{"line":172,"column":6},"end":{"line":172,"column":null}},"78":{"start":{"line":186,"column":31},"end":{"line":186,"column":null}},"79":{"start":{"line":255,"column":14},"end":{"line":256,"column":null}},"80":{"start":{"line":284,"column":32},"end":{"line":284,"column":null}},"81":{"start":{"line":285,"column":32},"end":{"line":285,"column":null}},"82":{"start":{"line":286,"column":32},"end":{"line":286,"column":null}},"83":{"start":{"line":287,"column":28},"end":{"line":287,"column":null}},"84":{"start":{"line":288,"column":34},"end":{"line":288,"column":null}},"85":{"start":{"line":290,"column":15},"end":{"line":314,"column":null}},"86":{"start":{"line":291,"column":4},"end":{"line":291,"column":null}},"87":{"start":{"line":292,"column":4},"end":{"line":292,"column":null}},"88":{"start":{"line":293,"column":4},"end":{"line":313,"column":null}},"89":{"start":{"line":294,"column":34},"end":{"line":297,"column":null}},"90":{"start":{"line":298,"column":6},"end":{"line":298,"column":null}},"91":{"start":{"line":300,"column":18},"end":{"line":301,"column":null}},"92":{"start":{"line":301,"column":8},"end":{"line":301,"column":74}},"93":{"start":{"line":303,"column":6},"end":{"line":308,"column":null}},"94":{"start":{"line":304,"column":8},"end":{"line":304,"column":null}},"95":{"start":{"line":306,"column":25},"end":{"line":306,"column":null}},"96":{"start":{"line":306,"column":59},"end":{"line":306,"column":null}},"97":{"start":{"line":307,"column":8},"end":{"line":307,"column":null}},"98":{"start":{"line":307,"column":57},"end":{"line":307,"column":null}},"99":{"start":{"line":310,"column":6},"end":{"line":310,"column":null}},"100":{"start":{"line":312,"column":6},"end":{"line":312,"column":null}},"101":{"start":{"line":316,"column":2},"end":{"line":319,"column":null}},"102":{"start":{"line":318,"column":4},"end":{"line":318,"column":null}},"103":{"start":{"line":322,"column":4},"end":{"line":322,"column":null}},"104":{"start":{"line":323,"column":4},"end":{"line":330,"column":null}},"105":{"start":{"line":324,"column":6},"end":{"line":324,"column":null}},"106":{"start":{"line":325,"column":6},"end":{"line":325,"column":null}},"107":{"start":{"line":327,"column":6},"end":{"line":327,"column":null}},"108":{"start":{"line":329,"column":6},"end":{"line":329,"column":null}},"109":{"start":{"line":334,"column":4},"end":{"line":334,"column":null}},"110":{"start":{"line":335,"column":4},"end":{"line":342,"column":null}},"111":{"start":{"line":336,"column":6},"end":{"line":336,"column":null}},"112":{"start":{"line":337,"column":6},"end":{"line":337,"column":null}},"113":{"start":{"line":339,"column":6},"end":{"line":339,"column":null}},"114":{"start":{"line":341,"column":6},"end":{"line":341,"column":null}},"115":{"start":{"line":345,"column":2},"end":{"line":351,"column":null}},"116":{"start":{"line":372,"column":14},"end":{"line":373,"column":null}},"117":{"start":{"line":387,"column":35},"end":{"line":387,"column":null}},"118":{"start":{"line":394,"column":35},"end":{"line":394,"column":null}},"119":{"start":{"line":421,"column":14},"end":{"line":422,"column":null}},"120":{"start":{"line":450,"column":32},"end":{"line":450,"column":null}},"121":{"start":{"line":451,"column":32},"end":{"line":451,"column":null}},"122":{"start":{"line":452,"column":28},"end":{"line":452,"column":null}},"123":{"start":{"line":454,"column":2},"end":{"line":479,"column":null}},"124":{"start":{"line":455,"column":20},"end":{"line":455,"column":null}},"125":{"start":{"line":456,"column":5},"end":{"line":475,"column":null}},"126":{"start":{"line":457,"column":6},"end":{"line":457,"column":null}},"127":{"start":{"line":458,"column":6},"end":{"line":458,"column":null}},"128":{"start":{"line":459,"column":6},"end":{"line":474,"column":null}},"129":{"start":{"line":460,"column":28},"end":{"line":460,"column":null}},"130":{"start":{"line":461,"column":26},"end":{"line":462,"column":null}},"131":{"start":{"line":462,"column":10},"end":{"line":462,"column":76}},"132":{"start":{"line":464,"column":8},"end":{"line":467,"column":null}},"133":{"start":{"line":465,"column":10},"end":{"line":465,"column":null}},"134":{"start":{"line":465,"column":26},"end":{"line":465,"column":null}},"135":{"start":{"line":466,"column":10},"end":{"line":466,"column":null}},"136":{"start":{"line":468,"column":21},"end":{"line":468,"column":null}},"137":{"start":{"line":469,"column":8},"end":{"line":469,"column":null}},"138":{"start":{"line":469,"column":24},"end":{"line":469,"column":null}},"139":{"start":{"line":471,"column":8},"end":{"line":471,"column":null}},"140":{"start":{"line":471,"column":24},"end":{"line":471,"column":null}},"141":{"start":{"line":473,"column":8},"end":{"line":473,"column":null}},"142":{"start":{"line":473,"column":24},"end":{"line":473,"column":null}},"143":{"start":{"line":476,"column":4},"end":{"line":478,"column":null}},"144":{"start":{"line":477,"column":6},"end":{"line":477,"column":null}},"145":{"start":{"line":481,"column":2},"end":{"line":487,"column":null}},"146":{"start":{"line":509,"column":12},"end":{"line":510,"column":null}},"147":{"start":{"line":542,"column":25},"end":{"line":542,"column":null}},"148":{"start":{"line":542,"column":43},"end":{"line":542,"column":59}},"149":{"start":{"line":543,"column":24},"end":{"line":543,"column":null}},"150":{"start":{"line":545,"column":45},"end":{"line":549,"column":null}},"151":{"start":{"line":573,"column":27},"end":{"line":573,"column":39}},"152":{"start":{"line":574,"column":12},"end":{"line":576,"column":null}},"153":{"start":{"line":577,"column":31},"end":{"line":577,"column":null}}},"fnMap":{"0":{"name":"Avatar","decl":{"start":{"line":58,"column":9},"end":{"line":58,"column":16}},"loc":{"start":{"line":64,"column":1},"end":{"line":78,"column":null}}},"1":{"name":"formatRelativeTime","decl":{"start":{"line":80,"column":9},"end":{"line":80,"column":28}},"loc":{"start":{"line":80,"column":39},"end":{"line":90,"column":null}}},"2":{"name":"SearchTab","decl":{"start":{"line":93,"column":9},"end":{"line":93,"column":19}},"loc":{"start":{"line":93,"column":65},"end":{"line":280,"column":null}}},"3":{"name":"(anonymous_5)","decl":{"start":{"line":104,"column":33},"end":{"line":104,"column":null}},"loc":{"start":{"line":104,"column":33},"end":{"line":121,"column":5}}},"4":{"name":"(anonymous_6)","decl":{"start":{"line":108,"column":13},"end":{"line":108,"column":14}},"loc":{"start":{"line":109,"column":10},"end":{"line":109,"column":76}}},"5":{"name":"(anonymous_7)","decl":{"start":{"line":116,"column":55},"end":{"line":116,"column":56}},"loc":{"start":{"line":116,"column":63},"end":{"line":116,"column":null}}},"6":{"name":"(anonymous_8)","decl":{"start":{"line":117,"column":39},"end":{"line":117,"column":40}},"loc":{"start":{"line":117,"column":61},"end":{"line":117,"column":null}}},"7":{"name":"(anonymous_9)","decl":{"start":{"line":123,"column":12},"end":{"line":123,"column":null}},"loc":{"start":{"line":123,"column":12},"end":{"line":126,"column":5}}},"8":{"name":"handleSearch","decl":{"start":{"line":128,"column":17},"end":{"line":128,"column":null}},"loc":{"start":{"line":128,"column":17},"end":{"line":154,"column":null}}},"9":{"name":"handleAdd","decl":{"start":{"line":156,"column":17},"end":{"line":156,"column":null}},"loc":{"start":{"line":156,"column":17},"end":{"line":174,"column":null}}},"10":{"name":"(anonymous_12)","decl":{"start":{"line":186,"column":24},"end":{"line":186,"column":25}},"loc":{"start":{"line":186,"column":31},"end":{"line":186,"column":null}}},"11":{"name":"(anonymous_13)","decl":{"start":{"line":254,"column":31},"end":{"line":254,"column":32}},"loc":{"start":{"line":255,"column":14},"end":{"line":256,"column":null}}},"12":{"name":"ListTab","decl":{"start":{"line":283,"column":9},"end":{"line":283,"column":17}},"loc":{"start":{"line":283,"column":63},"end":{"line":446,"column":null}}},"13":{"name":"(anonymous_15)","decl":{"start":{"line":290,"column":27},"end":{"line":290,"column":null}},"loc":{"start":{"line":290,"column":27},"end":{"line":314,"column":5}}},"14":{"name":"(anonymous_16)","decl":{"start":{"line":300,"column":55},"end":{"line":300,"column":56}},"loc":{"start":{"line":301,"column":8},"end":{"line":301,"column":74}}},"15":{"name":"(anonymous_17)","decl":{"start":{"line":306,"column":51},"end":{"line":306,"column":52}},"loc":{"start":{"line":306,"column":59},"end":{"line":306,"column":null}}},"16":{"name":"(anonymous_18)","decl":{"start":{"line":307,"column":35},"end":{"line":307,"column":36}},"loc":{"start":{"line":307,"column":57},"end":{"line":307,"column":null}}},"17":{"name":"(anonymous_19)","decl":{"start":{"line":316,"column":12},"end":{"line":316,"column":null}},"loc":{"start":{"line":316,"column":12},"end":{"line":319,"column":5}}},"18":{"name":"handleAccept","decl":{"start":{"line":321,"column":17},"end":{"line":321,"column":30}},"loc":{"start":{"line":321,"column":49},"end":{"line":331,"column":null}}},"19":{"name":"handleReject","decl":{"start":{"line":333,"column":17},"end":{"line":333,"column":30}},"loc":{"start":{"line":333,"column":49},"end":{"line":343,"column":null}}},"20":{"name":"(anonymous_22)","decl":{"start":{"line":371,"column":25},"end":{"line":371,"column":26}},"loc":{"start":{"line":372,"column":14},"end":{"line":373,"column":null}}},"21":{"name":"(anonymous_23)","decl":{"start":{"line":387,"column":29},"end":{"line":387,"column":35}},"loc":{"start":{"line":387,"column":35},"end":{"line":387,"column":null}}},"22":{"name":"(anonymous_24)","decl":{"start":{"line":394,"column":29},"end":{"line":394,"column":35}},"loc":{"start":{"line":394,"column":35},"end":{"line":394,"column":null}}},"23":{"name":"(anonymous_25)","decl":{"start":{"line":420,"column":25},"end":{"line":420,"column":26}},"loc":{"start":{"line":421,"column":14},"end":{"line":422,"column":null}}},"24":{"name":"FeedTab","decl":{"start":{"line":449,"column":9},"end":{"line":449,"column":17}},"loc":{"start":{"line":449,"column":63},"end":{"line":538,"column":null}}},"25":{"name":"(anonymous_27)","decl":{"start":{"line":454,"column":12},"end":{"line":454,"column":null}},"loc":{"start":{"line":454,"column":12},"end":{"line":479,"column":5}}},"26":{"name":"(anonymous_28)","decl":{"start":{"line":456,"column":5},"end":{"line":456,"column":null}},"loc":{"start":{"line":456,"column":5},"end":{"line":475,"column":null}}},"27":{"name":"(anonymous_29)","decl":{"start":{"line":461,"column":63},"end":{"line":461,"column":64}},"loc":{"start":{"line":462,"column":10},"end":{"line":462,"column":76}}},"28":{"name":"(anonymous_30)","decl":{"start":{"line":476,"column":11},"end":{"line":476,"column":null}},"loc":{"start":{"line":476,"column":11},"end":{"line":478,"column":null}}},"29":{"name":"(anonymous_31)","decl":{"start":{"line":508,"column":23},"end":{"line":508,"column":24}},"loc":{"start":{"line":509,"column":12},"end":{"line":510,"column":null}}},"30":{"name":"FriendsPage","decl":{"start":{"line":541,"column":24},"end":{"line":541,"column":null}},"loc":{"start":{"line":541,"column":24},"end":{"line":613,"column":null}}},"31":{"name":"(anonymous_33)","decl":{"start":{"line":542,"column":36},"end":{"line":542,"column":37}},"loc":{"start":{"line":542,"column":43},"end":{"line":542,"column":59}}},"32":{"name":"(anonymous_34)","decl":{"start":{"line":572,"column":20},"end":{"line":572,"column":21}},"loc":{"start":{"line":572,"column":21},"end":{"line":587,"column":null}}},"33":{"name":"(anonymous_35)","decl":{"start":{"line":577,"column":25},"end":{"line":577,"column":31}},"loc":{"start":{"line":577,"column":31},"end":{"line":577,"column":null}}}},"branchMap":{"0":{"loc":{"start":{"line":60,"column":2},"end":{"line":60,"column":13}},"type":"default-arg","locations":[{"start":{"line":60,"column":9},"end":{"line":60,"column":13}}]},"1":{"loc":{"start":{"line":65,"column":18},"end":{"line":65,"column":null}},"type":"binary-expr","locations":[{"start":{"line":65,"column":18},"end":{"line":65,"column":31}},{"start":{"line":65,"column":35},"end":{"line":65,"column":null}}]},"2":{"loc":{"start":{"line":83,"column":2},"end":{"line":83,"column":null}},"type":"if","locations":[{"start":{"line":83,"column":2},"end":{"line":83,"column":null}}]},"3":{"loc":{"start":{"line":84,"column":2},"end":{"line":84,"column":null}},"type":"if","locations":[{"start":{"line":84,"column":2},"end":{"line":84,"column":null}}]},"4":{"loc":{"start":{"line":86,"column":2},"end":{"line":86,"column":null}},"type":"if","locations":[{"start":{"line":86,"column":2},"end":{"line":86,"column":null}}]},"5":{"loc":{"start":{"line":88,"column":2},"end":{"line":88,"column":null}},"type":"if","locations":[{"start":{"line":88,"column":2},"end":{"line":88,"column":null}}]},"6":{"loc":{"start":{"line":109,"column":10},"end":{"line":109,"column":76}},"type":"cond-expr","locations":[{"start":{"line":109,"column":46},"end":{"line":109,"column":59}},{"start":{"line":109,"column":62},"end":{"line":109,"column":76}}]},"7":{"loc":{"start":{"line":112,"column":6},"end":{"line":115,"column":null}},"type":"if","locations":[{"start":{"line":112,"column":6},"end":{"line":115,"column":null}}]},"8":{"loc":{"start":{"line":129,"column":4},"end":{"line":129,"column":null}},"type":"if","locations":[{"start":{"line":129,"column":4},"end":{"line":129,"column":null}}]},"9":{"loc":{"start":{"line":136,"column":6},"end":{"line":139,"column":null}},"type":"if","locations":[{"start":{"line":136,"column":6},"end":{"line":139,"column":null}}]},"10":{"loc":{"start":{"line":140,"column":6},"end":{"line":143,"column":null}},"type":"if","locations":[{"start":{"line":140,"column":6},"end":{"line":143,"column":null}}]},"11":{"loc":{"start":{"line":146,"column":6},"end":{"line":148,"column":null}},"type":"if","locations":[{"start":{"line":146,"column":6},"end":{"line":148,"column":null}},{"start":{"line":147,"column":11},"end":{"line":148,"column":null}}]},"12":{"loc":{"start":{"line":147,"column":11},"end":{"line":148,"column":null}},"type":"if","locations":[{"start":{"line":147,"column":11},"end":{"line":148,"column":null}},{"start":{"line":148,"column":11},"end":{"line":148,"column":null}}]},"13":{"loc":{"start":{"line":157,"column":4},"end":{"line":157,"column":null}},"type":"if","locations":[{"start":{"line":157,"column":4},"end":{"line":157,"column":null}}]},"14":{"loc":{"start":{"line":165,"column":6},"end":{"line":170,"column":null}},"type":"if","locations":[{"start":{"line":165,"column":6},"end":{"line":170,"column":null}},{"start":{"line":168,"column":13},"end":{"line":170,"column":null}}]},"15":{"loc":{"start":{"line":193,"column":24},"end":{"line":193,"column":null}},"type":"binary-expr","locations":[{"start":{"line":193,"column":24},"end":{"line":193,"column":37}},{"start":{"line":193,"column":37},"end":{"line":193,"column":null}}]},"16":{"loc":{"start":{"line":196,"column":15},"end":{"line":196,"column":null}},"type":"cond-expr","locations":[{"start":{"line":196,"column":27},"end":{"line":196,"column":35}},{"start":{"line":196,"column":35},"end":{"line":196,"column":null}}]},"17":{"loc":{"start":{"line":200,"column":11},"end":{"line":200,"column":null}},"type":"binary-expr","locations":[{"start":{"line":200,"column":11},"end":{"line":200,"column":null}}]},"18":{"loc":{"start":{"line":204,"column":11},"end":{"line":204,"column":null}},"type":"binary-expr","locations":[{"start":{"line":204,"column":11},"end":{"line":204,"column":null}}]},"19":{"loc":{"start":{"line":209,"column":11},"end":{"line":209,"column":null}},"type":"binary-expr","locations":[{"start":{"line":209,"column":11},"end":{"line":209,"column":null}}]},"20":{"loc":{"start":{"line":215,"column":11},"end":{"line":215,"column":21}},"type":"binary-expr","locations":[{"start":{"line":215,"column":11},"end":{"line":215,"column":21}},{"start":{"line":215,"column":21},"end":{"line":215,"column":48}},{"start":{"line":215,"column":48},"end":{"line":215,"column":null}}]},"21":{"loc":{"start":{"line":220,"column":19},"end":{"line":220,"column":null}},"type":"binary-expr","locations":[{"start":{"line":220,"column":19},"end":{"line":220,"column":34}},{"start":{"line":220,"column":38},"end":{"line":220,"column":null}}]},"22":{"loc":{"start":{"line":227,"column":16},"end":{"line":230,"column":35}},"type":"cond-expr","locations":[{"start":{"line":227,"column":16},"end":{"line":230,"column":35}}]},"23":{"loc":{"start":{"line":231,"column":16},"end":{"line":235,"column":17}},"type":"cond-expr","locations":[{"start":{"line":231,"column":16},"end":{"line":235,"column":17}}]},"24":{"loc":{"start":{"line":240,"column":19},"end":{"line":240,"column":null}},"type":"cond-expr","locations":[{"start":{"line":240,"column":28},"end":{"line":240,"column":36}},{"start":{"line":240,"column":36},"end":{"line":240,"column":null}}]},"25":{"loc":{"start":{"line":248,"column":7},"end":{"line":248,"column":null}},"type":"binary-expr","locations":[{"start":{"line":248,"column":7},"end":{"line":248,"column":null}}]},"26":{"loc":{"start":{"line":258,"column":18},"end":{"line":258,"column":null}},"type":"cond-expr","locations":[{"start":{"line":258,"column":49},"end":{"line":258,"column":78}},{"start":{"line":258,"column":78},"end":{"line":258,"column":null}}]},"27":{"loc":{"start":{"line":264,"column":21},"end":{"line":264,"column":null}},"type":"binary-expr","locations":[{"start":{"line":264,"column":21},"end":{"line":264,"column":31}},{"start":{"line":264,"column":35},"end":{"line":264,"column":null}}]},"28":{"loc":{"start":{"line":301,"column":8},"end":{"line":301,"column":74}},"type":"cond-expr","locations":[{"start":{"line":301,"column":44},"end":{"line":301,"column":57}},{"start":{"line":301,"column":60},"end":{"line":301,"column":74}}]},"29":{"loc":{"start":{"line":303,"column":6},"end":{"line":308,"column":null}},"type":"if","locations":[{"start":{"line":303,"column":6},"end":{"line":308,"column":null}},{"start":{"line":305,"column":13},"end":{"line":308,"column":null}}]},"30":{"loc":{"start":{"line":345,"column":2},"end":{"line":351,"column":null}},"type":"if","locations":[{"start":{"line":345,"column":2},"end":{"line":351,"column":null}}]},"31":{"loc":{"start":{"line":355,"column":7},"end":{"line":355,"column":null}},"type":"binary-expr","locations":[{"start":{"line":355,"column":7},"end":{"line":355,"column":null}}]},"32":{"loc":{"start":{"line":364,"column":10},"end":{"line":370,"column":11}},"type":"cond-expr","locations":[{"start":{"line":364,"column":10},"end":{"line":370,"column":11}}]},"33":{"loc":{"start":{"line":376,"column":34},"end":{"line":376,"column":null}},"type":"binary-expr","locations":[{"start":{"line":376,"column":34},"end":{"line":376,"column":61}},{"start":{"line":376,"column":61},"end":{"line":376,"column":null}}]},"34":{"loc":{"start":{"line":379,"column":21},"end":{"line":379,"column":null}},"type":"binary-expr","locations":[{"start":{"line":379,"column":21},"end":{"line":379,"column":48}},{"start":{"line":379,"column":48},"end":{"line":379,"column":null}}]},"35":{"loc":{"start":{"line":412,"column":10},"end":{"line":419,"column":11}},"type":"cond-expr","locations":[{"start":{"line":412,"column":10},"end":{"line":419,"column":11}}]},"36":{"loc":{"start":{"line":424,"column":18},"end":{"line":424,"column":null}},"type":"cond-expr","locations":[{"start":{"line":424,"column":43},"end":{"line":424,"column":72}},{"start":{"line":424,"column":72},"end":{"line":424,"column":null}}]},"37":{"loc":{"start":{"line":430,"column":21},"end":{"line":430,"column":null}},"type":"binary-expr","locations":[{"start":{"line":430,"column":21},"end":{"line":430,"column":31}},{"start":{"line":430,"column":35},"end":{"line":430,"column":null}}]},"38":{"loc":{"start":{"line":462,"column":10},"end":{"line":462,"column":76}},"type":"cond-expr","locations":[{"start":{"line":462,"column":46},"end":{"line":462,"column":59}},{"start":{"line":462,"column":62},"end":{"line":462,"column":76}}]},"39":{"loc":{"start":{"line":464,"column":8},"end":{"line":467,"column":null}},"type":"if","locations":[{"start":{"line":464,"column":8},"end":{"line":467,"column":null}}]},"40":{"loc":{"start":{"line":465,"column":10},"end":{"line":465,"column":null}},"type":"if","locations":[{"start":{"line":465,"column":10},"end":{"line":465,"column":null}}]},"41":{"loc":{"start":{"line":469,"column":8},"end":{"line":469,"column":null}},"type":"if","locations":[{"start":{"line":469,"column":8},"end":{"line":469,"column":null}}]},"42":{"loc":{"start":{"line":471,"column":8},"end":{"line":471,"column":null}},"type":"if","locations":[{"start":{"line":471,"column":8},"end":{"line":471,"column":null}}]},"43":{"loc":{"start":{"line":473,"column":8},"end":{"line":473,"column":null}},"type":"if","locations":[{"start":{"line":473,"column":8},"end":{"line":473,"column":null}}]},"44":{"loc":{"start":{"line":481,"column":2},"end":{"line":487,"column":null}},"type":"if","locations":[{"start":{"line":481,"column":2},"end":{"line":487,"column":null}}]},"45":{"loc":{"start":{"line":495,"column":7},"end":{"line":495,"column":null}},"type":"binary-expr","locations":[{"start":{"line":495,"column":7},"end":{"line":495,"column":null}}]},"46":{"loc":{"start":{"line":500,"column":8},"end":{"line":507,"column":9}},"type":"cond-expr","locations":[{"start":{"line":500,"column":8},"end":{"line":507,"column":9}}]},"47":{"loc":{"start":{"line":514,"column":34},"end":{"line":514,"column":64}},"type":"binary-expr","locations":[{"start":{"line":514,"column":34},"end":{"line":514,"column":58}},{"start":{"line":514,"column":58},"end":{"line":514,"column":64}}]},"48":{"loc":{"start":{"line":517,"column":21},"end":{"line":517,"column":null}},"type":"binary-expr","locations":[{"start":{"line":517,"column":21},"end":{"line":517,"column":45}},{"start":{"line":517,"column":45},"end":{"line":517,"column":null}}]},"49":{"loc":{"start":{"line":527,"column":15},"end":{"line":527,"column":25}},"type":"binary-expr","locations":[{"start":{"line":527,"column":15},"end":{"line":527,"column":25}}]},"50":{"loc":{"start":{"line":579,"column":18},"end":{"line":581,"column":null}},"type":"cond-expr","locations":[{"start":{"line":580,"column":22},"end":{"line":580,"column":null}},{"start":{"line":581,"column":22},"end":{"line":581,"column":null}}]},"51":{"loc":{"start":{"line":591,"column":10},"end":{"line":597,"column":20}},"type":"cond-expr","locations":[{"start":{"line":591,"column":10},"end":{"line":597,"column":20}}]},"52":{"loc":{"start":{"line":598,"column":10},"end":{"line":599,"column":20}},"type":"cond-expr","locations":[{"start":{"line":598,"column":10},"end":{"line":599,"column":20}}]},"53":{"loc":{"start":{"line":600,"column":10},"end":{"line":602,"column":11}},"type":"cond-expr","locations":[{"start":{"line":600,"column":10},"end":{"line":602,"column":11}}]}},"s":{"0":0,"1":0,"2":0,"3":0,"4":0,"5":0,"6":0,"7":0,"8":0,"9":0,"10":0,"11":0,"12":0,"13":0,"14":0,"15":0,"16":0,"17":0,"18":0,"19":0,"20":0,"21":0,"22":0,"23":0,"24":0,"25":0,"26":0,"27":0,"28":0,"29":0,"30":0,"31":0,"32":0,"33":0,"34":0,"35":0,"36":0,"37":0,"38":0,"39":0,"40":0,"41":0,"42":0,"43":0,"44":0,"45":0,"46":0,"47":0,"48":0,"49":0,"50":0,"51":0,"52":0,"53":0,"54":0,"55":0,"56":0,"57":0,"58":0,"59":0,"60":0,"61":0,"62":0,"63":0,"64":0,"65":0,"66":0,"67":0,"68":0,"69":0,"70":0,"71":0,"72":0,"73":0,"74":0,"75":0,"76":0,"77":0,"78":0,"79":0,"80":0,"81":0,"82":0,"83":0,"84":0,"85":0,"86":0,"87":0,"88":0,"89":0,"90":0,"91":0,"92":0,"93":0,"94":0,"95":0,"96":0,"97":0,"98":0,"99":0,"100":0,"101":0,"102":0,"103":0,"104":0,"105":0,"106":0,"107":0,"108":0,"109":0,"110":0,"111":0,"112":0,"113":0,"114":0,"115":0,"116":0,"117":0,"118":0,"119":0,"120":0,"121":0,"122":0,"123":0,"124":0,"125":0,"126":0,"127":0,"128":0,"129":0,"130":0,"131":0,"132":0,"133":0,"134":0,"135":0,"136":0,"137":0,"138":0,"139":0,"140":0,"141":0,"142":0,"143":0,"144":0,"145":0,"146":0,"147":0,"148":0,"149":0,"150":0,"151":0,"152":0,"153":0},"f":{"0":0,"1":0,"2":0,"3":0,"4":0,"5":0,"6":0,"7":0,"8":0,"9":0,"10":0,"11":0,"12":0,"13":0,"14":0,"15":0,"16":0,"17":0,"18":0,"19":0,"20":0,"21":0,"22":0,"23":0,"24":0,"25":0,"26":0,"27":0,"28":0,"29":0,"30":0,"31":0,"32":0,"33":0},"b":{"0":[0],"1":[0,0],"2":[0],"3":[0],"4":[0],"5":[0],"6":[0,0],"7":[0],"8":[0],"9":[0],"10":[0],"11":[0,0],"12":[0,0],"13":[0],"14":[0,0],"15":[0,0],"16":[0,0],"17":[0],"18":[0],"19":[0],"20":[0,0,0],"21":[0,0],"22":[0],"23":[0],"24":[0,0],"25":[0],"26":[0,0],"27":[0,0],"28":[0,0],"29":[0,0],"30":[0],"31":[0],"32":[0],"33":[0,0],"34":[0,0],"35":[0],"36":[0,0],"37":[0,0],"38":[0,0],"39":[0],"40":[0],"41":[0],"42":[0],"43":[0],"44":[0],"45":[0],"46":[0],"47":[0,0],"48":[0,0],"49":[0],"50":[0,0],"51":[0],"52":[0],"53":[0]}}
,"/Users/ip9202/develop/vibe/mind-jelly/src/app/home/page.tsx": {"path":"/Users/ip9202/develop/vibe/mind-jelly/src/app/home/page.tsx","statementMap":{"0":{"start":{"line":49,"column":24},"end":{"line":49,"column":null}},"1":{"start":{"line":3,"column":20},"end":{"line":3,"column":null}},"2":{"start":{"line":4,"column":20},"end":{"line":4,"column":null}},"3":{"start":{"line":5,"column":88},"end":{"line":5,"column":null}},"4":{"start":{"line":6,"column":27},"end":{"line":6,"column":null}},"5":{"start":{"line":7,"column":26},"end":{"line":7,"column":null}},"6":{"start":{"line":8,"column":31},"end":{"line":8,"column":null}},"7":{"start":{"line":9,"column":59},"end":{"line":9,"column":null}},"8":{"start":{"line":10,"column":50},"end":{"line":10,"column":null}},"9":{"start":{"line":11,"column":37},"end":{"line":11,"column":null}},"10":{"start":{"line":15,"column":8},"end":{"line":15,"column":null}},"11":{"start":{"line":15,"column":8},"end":{"line":15,"column":51}},"12":{"start":{"line":15,"column":63},"end":{"line":15,"column":78}},"13":{"start":{"line":20,"column":8},"end":{"line":20,"column":null}},"14":{"start":{"line":20,"column":8},"end":{"line":20,"column":51}},"15":{"start":{"line":20,"column":63},"end":{"line":20,"column":78}},"16":{"start":{"line":25,"column":8},"end":{"line":25,"column":null}},"17":{"start":{"line":25,"column":8},"end":{"line":25,"column":47}},"18":{"start":{"line":25,"column":59},"end":{"line":25,"column":70}},"19":{"start":{"line":30,"column":8},"end":{"line":30,"column":null}},"20":{"start":{"line":30,"column":8},"end":{"line":30,"column":50}},"21":{"start":{"line":30,"column":62},"end":{"line":30,"column":76}},"22":{"start":{"line":35,"column":8},"end":{"line":35,"column":null}},"23":{"start":{"line":35,"column":8},"end":{"line":35,"column":51}},"24":{"start":{"line":35,"column":63},"end":{"line":35,"column":78}},"25":{"start":{"line":39,"column":23},"end":{"line":39,"column":null}},"26":{"start":{"line":39,"column":29},"end":{"line":39,"column":null}},"27":{"start":{"line":45,"column":28},"end":{"line":45,"column":null}},"28":{"start":{"line":46,"column":29},"end":{"line":46,"column":null}},"29":{"start":{"line":47,"column":26},"end":{"line":47,"column":null}},"30":{"start":{"line":50,"column":18},"end":{"line":50,"column":null}},"31":{"start":{"line":50,"column":61},"end":{"line":50,"column":67}},"32":{"start":{"line":50,"column":73},"end":{"line":50,"column":null}},"33":{"start":{"line":51,"column":40},"end":{"line":51,"column":null}},"34":{"start":{"line":52,"column":40},"end":{"line":52,"column":null}},"35":{"start":{"line":53,"column":34},"end":{"line":53,"column":null}},"36":{"start":{"line":54,"column":20},"end":{"line":54,"column":null}},"37":{"start":{"line":55,"column":32},"end":{"line":55,"column":null}},"38":{"start":{"line":56,"column":46},"end":{"line":56,"column":null}},"39":{"start":{"line":59,"column":46},"end":{"line":65,"column":null}},"40":{"start":{"line":72,"column":54},"end":{"line":75,"column":null}},"41":{"start":{"line":73,"column":28},"end":{"line":73,"column":null}},"42":{"start":{"line":74,"column":4},"end":{"line":74,"column":33}},"43":{"start":{"line":76,"column":50},"end":{"line":80,"column":null}},"44":{"start":{"line":77,"column":28},"end":{"line":77,"column":null}},"45":{"start":{"line":79,"column":4},"end":{"line":79,"column":null}},"46":{"start":{"line":82,"column":23},"end":{"line":82,"column":null}},"47":{"start":{"line":82,"column":41},"end":{"line":82,"column":55}},"48":{"start":{"line":83,"column":20},"end":{"line":83,"column":null}},"49":{"start":{"line":83,"column":38},"end":{"line":83,"column":49}},"50":{"start":{"line":84,"column":22},"end":{"line":84,"column":null}},"51":{"start":{"line":84,"column":40},"end":{"line":84,"column":53}},"52":{"start":{"line":85,"column":25},"end":{"line":85,"column":null}},"53":{"start":{"line":85,"column":43},"end":{"line":85,"column":59}},"54":{"start":{"line":86,"column":22},"end":{"line":86,"column":null}},"55":{"start":{"line":86,"column":40},"end":{"line":86,"column":53}},"56":{"start":{"line":87,"column":20},"end":{"line":87,"column":null}},"57":{"start":{"line":87,"column":38},"end":{"line":87,"column":49}},"58":{"start":{"line":88,"column":21},"end":{"line":88,"column":null}},"59":{"start":{"line":88,"column":39},"end":{"line":88,"column":51}},"60":{"start":{"line":91,"column":19},"end":{"line":91,"column":null}},"61":{"start":{"line":91,"column":36},"end":{"line":91,"column":46}},"62":{"start":{"line":94,"column":19},"end":{"line":94,"column":null}},"63":{"start":{"line":97,"column":37},"end":{"line":101,"column":null}},"64":{"start":{"line":105,"column":27},"end":{"line":143,"column":null}},"65":{"start":{"line":107,"column":17},"end":{"line":107,"column":null}},"66":{"start":{"line":110,"column":22},"end":{"line":110,"column":null}},"67":{"start":{"line":111,"column":22},"end":{"line":111,"column":null}},"68":{"start":{"line":113,"column":22},"end":{"line":113,"column":null}},"69":{"start":{"line":115,"column":6},"end":{"line":119,"column":null}},"70":{"start":{"line":119,"column":10},"end":{"line":119,"column":null}},"71":{"start":{"line":122,"column":6},"end":{"line":122,"column":null}},"72":{"start":{"line":125,"column":6},"end":{"line":132,"column":null}},"73":{"start":{"line":126,"column":23},"end":{"line":126,"column":40}},"74":{"start":{"line":127,"column":26},"end":{"line":127,"column":null}},"75":{"start":{"line":128,"column":22},"end":{"line":128,"column":null}},"76":{"start":{"line":128,"column":49},"end":{"line":128,"column":null}},"77":{"start":{"line":129,"column":8},"end":{"line":131,"column":null}},"78":{"start":{"line":130,"column":10},"end":{"line":130,"column":null}},"79":{"start":{"line":135,"column":24},"end":{"line":135,"column":null}},"80":{"start":{"line":136,"column":6},"end":{"line":136,"column":null}},"81":{"start":{"line":139,"column":6},"end":{"line":141,"column":null}},"82":{"start":{"line":140,"column":8},"end":{"line":140,"column":null}},"83":{"start":{"line":146,"column":2},"end":{"line":156,"column":null}},"84":{"start":{"line":147,"column":4},"end":{"line":155,"column":null}},"85":{"start":{"line":147,"column":4},"end":{"line":147,"column":null}},"86":{"start":{"line":149,"column":8},"end":{"line":149,"column":null}},"87":{"start":{"line":150,"column":8},"end":{"line":150,"column":null}},"88":{"start":{"line":153,"column":8},"end":{"line":153,"column":null}},"89":{"start":{"line":154,"column":8},"end":{"line":154,"column":null}},"90":{"start":{"line":159,"column":2},"end":{"line":173,"column":null}},"91":{"start":{"line":160,"column":4},"end":{"line":172,"column":null}},"92":{"start":{"line":161,"column":20},"end":{"line":170,"column":null}},"93":{"start":{"line":163,"column":19},"end":{"line":163,"column":null}},"94":{"start":{"line":164,"column":8},"end":{"line":166,"column":null}},"95":{"start":{"line":165,"column":10},"end":{"line":165,"column":null}},"96":{"start":{"line":167,"column":8},"end":{"line":167,"column":null}},"97":{"start":{"line":169,"column":8},"end":{"line":169,"column":null}},"98":{"start":{"line":171,"column":6},"end":{"line":171,"column":null}},"99":{"start":{"line":171,"column":19},"end":{"line":171,"column":null}},"100":{"start":{"line":178,"column":2},"end":{"line":193,"column":null}},"101":{"start":{"line":179,"column":4},"end":{"line":192,"column":null}},"102":{"start":{"line":182,"column":6},"end":{"line":186,"column":null}},"103":{"start":{"line":183,"column":8},"end":{"line":183,"column":null}},"104":{"start":{"line":184,"column":8},"end":{"line":184,"column":null}},"105":{"start":{"line":185,"column":8},"end":{"line":185,"column":null}},"106":{"start":{"line":188,"column":20},"end":{"line":190,"column":null}},"107":{"start":{"line":189,"column":8},"end":{"line":189,"column":null}},"108":{"start":{"line":191,"column":6},"end":{"line":191,"column":null}},"109":{"start":{"line":191,"column":19},"end":{"line":191,"column":null}},"110":{"start":{"line":196,"column":2},"end":{"line":203,"column":null}},"111":{"start":{"line":197,"column":4},"end":{"line":202,"column":null}},"112":{"start":{"line":198,"column":20},"end":{"line":200,"column":null}},"113":{"start":{"line":199,"column":8},"end":{"line":199,"column":null}},"114":{"start":{"line":201,"column":6},"end":{"line":201,"column":null}},"115":{"start":{"line":201,"column":19},"end":{"line":201,"column":null}},"116":{"start":{"line":206,"column":2},"end":{"line":226,"column":null}},"117":{"start":{"line":207,"column":4},"end":{"line":207,"column":null}},"118":{"start":{"line":207,"column":29},"end":{"line":207,"column":null}},"119":{"start":{"line":209,"column":15},"end":{"line":209,"column":36}},"120":{"start":{"line":210,"column":4},"end":{"line":210,"column":null}},"121":{"start":{"line":210,"column":13},"end":{"line":210,"column":null}},"122":{"start":{"line":212,"column":27},"end":{"line":218,"column":null}},"123":{"start":{"line":213,"column":23},"end":{"line":213,"column":null}},"124":{"start":{"line":214,"column":6},"end":{"line":214,"column":null}},"125":{"start":{"line":215,"column":6},"end":{"line":215,"column":null}},"126":{"start":{"line":216,"column":6},"end":{"line":216,"column":null}},"127":{"start":{"line":217,"column":6},"end":{"line":217,"column":null}},"128":{"start":{"line":220,"column":4},"end":{"line":220,"column":null}},"129":{"start":{"line":221,"column":4},"end":{"line":221,"column":null}},"130":{"start":{"line":222,"column":4},"end":{"line":225,"column":null}},"131":{"start":{"line":223,"column":6},"end":{"line":223,"column":null}},"132":{"start":{"line":224,"column":6},"end":{"line":224,"column":null}},"133":{"start":{"line":231,"column":25},"end":{"line":231,"column":null}},"134":{"start":{"line":234,"column":23},"end":{"line":234,"column":49}},"135":{"start":{"line":237,"column":22},"end":{"line":240,"column":null}},"136":{"start":{"line":239,"column":10},"end":{"line":239,"column":null}},"137":{"start":{"line":244,"column":2},"end":{"line":265,"column":null}},"138":{"start":{"line":267,"column":17},"end":{"line":267,"column":null}},"139":{"start":{"line":285,"column":27},"end":{"line":285,"column":null}},"140":{"start":{"line":373,"column":25},"end":{"line":373,"column":null}},"141":{"start":{"line":374,"column":12},"end":{"line":374,"column":null}},"142":{"start":{"line":385,"column":18},"end":{"line":385,"column":null}},"143":{"start":{"line":445,"column":31},"end":{"line":445,"column":null}},"144":{"start":{"line":462,"column":12},"end":{"line":463,"column":null}},"145":{"start":{"line":480,"column":50},"end":{"line":480,"column":null}}},"fnMap":{"0":{"name":"(anonymous_5)","decl":{"start":{"line":15,"column":2},"end":{"line":15,"column":8}},"loc":{"start":{"line":15,"column":8},"end":{"line":15,"column":null}}},"1":{"name":"(anonymous_6)","decl":{"start":{"line":15,"column":8},"end":{"line":15,"column":15}},"loc":{"start":{"line":15,"column":8},"end":{"line":15,"column":51}}},"2":{"name":"(anonymous_7)","decl":{"start":{"line":15,"column":56},"end":{"line":15,"column":57}},"loc":{"start":{"line":15,"column":63},"end":{"line":15,"column":78}}},"3":{"name":"(anonymous_10)","decl":{"start":{"line":20,"column":2},"end":{"line":20,"column":8}},"loc":{"start":{"line":20,"column":8},"end":{"line":20,"column":null}}},"4":{"name":"(anonymous_11)","decl":{"start":{"line":20,"column":8},"end":{"line":20,"column":15}},"loc":{"start":{"line":20,"column":8},"end":{"line":20,"column":51}}},"5":{"name":"(anonymous_12)","decl":{"start":{"line":20,"column":56},"end":{"line":20,"column":57}},"loc":{"start":{"line":20,"column":63},"end":{"line":20,"column":78}}},"6":{"name":"(anonymous_14)","decl":{"start":{"line":25,"column":2},"end":{"line":25,"column":8}},"loc":{"start":{"line":25,"column":8},"end":{"line":25,"column":null}}},"7":{"name":"(anonymous_15)","decl":{"start":{"line":25,"column":8},"end":{"line":25,"column":15}},"loc":{"start":{"line":25,"column":8},"end":{"line":25,"column":47}}},"8":{"name":"(anonymous_16)","decl":{"start":{"line":25,"column":52},"end":{"line":25,"column":53}},"loc":{"start":{"line":25,"column":59},"end":{"line":25,"column":70}}},"9":{"name":"(anonymous_18)","decl":{"start":{"line":30,"column":2},"end":{"line":30,"column":8}},"loc":{"start":{"line":30,"column":8},"end":{"line":30,"column":null}}},"10":{"name":"(anonymous_19)","decl":{"start":{"line":30,"column":8},"end":{"line":30,"column":15}},"loc":{"start":{"line":30,"column":8},"end":{"line":30,"column":50}}},"11":{"name":"(anonymous_20)","decl":{"start":{"line":30,"column":55},"end":{"line":30,"column":56}},"loc":{"start":{"line":30,"column":62},"end":{"line":30,"column":76}}},"12":{"name":"(anonymous_22)","decl":{"start":{"line":35,"column":2},"end":{"line":35,"column":8}},"loc":{"start":{"line":35,"column":8},"end":{"line":35,"column":null}}},"13":{"name":"(anonymous_23)","decl":{"start":{"line":35,"column":8},"end":{"line":35,"column":15}},"loc":{"start":{"line":35,"column":8},"end":{"line":35,"column":51}}},"14":{"name":"(anonymous_24)","decl":{"start":{"line":35,"column":56},"end":{"line":35,"column":57}},"loc":{"start":{"line":35,"column":63},"end":{"line":35,"column":78}}},"15":{"name":"(anonymous_26)","decl":{"start":{"line":39,"column":23},"end":{"line":39,"column":29}},"loc":{"start":{"line":39,"column":29},"end":{"line":39,"column":null}}},"16":{"name":"(anonymous_27)","decl":{"start":{"line":39,"column":29},"end":{"line":39,"column":36}},"loc":{"start":{"line":39,"column":29},"end":{"line":39,"column":null}}},"17":{"name":"HomePage","decl":{"start":{"line":49,"column":24},"end":{"line":49,"column":null}},"loc":{"start":{"line":49,"column":24},"end":{"line":486,"column":null}}},"18":{"name":"(anonymous_29)","decl":{"start":{"line":50,"column":55},"end":{"line":50,"column":61}},"loc":{"start":{"line":50,"column":61},"end":{"line":50,"column":67}}},"19":{"name":"(anonymous_30)","decl":{"start":{"line":50,"column":67},"end":{"line":50,"column":73}},"loc":{"start":{"line":50,"column":73},"end":{"line":50,"column":null}}},"20":{"name":"(anonymous_31)","decl":{"start":{"line":72,"column":76},"end":{"line":72,"column":null}},"loc":{"start":{"line":72,"column":76},"end":{"line":75,"column":null}}},"21":{"name":"(anonymous_32)","decl":{"start":{"line":76,"column":67},"end":{"line":76,"column":null}},"loc":{"start":{"line":76,"column":67},"end":{"line":80,"column":null}}},"22":{"name":"(anonymous_33)","decl":{"start":{"line":82,"column":34},"end":{"line":82,"column":35}},"loc":{"start":{"line":82,"column":41},"end":{"line":82,"column":55}}},"23":{"name":"(anonymous_34)","decl":{"start":{"line":83,"column":31},"end":{"line":83,"column":32}},"loc":{"start":{"line":83,"column":38},"end":{"line":83,"column":49}}},"24":{"name":"(anonymous_35)","decl":{"start":{"line":84,"column":33},"end":{"line":84,"column":34}},"loc":{"start":{"line":84,"column":40},"end":{"line":84,"column":53}}},"25":{"name":"(anonymous_36)","decl":{"start":{"line":85,"column":36},"end":{"line":85,"column":37}},"loc":{"start":{"line":85,"column":43},"end":{"line":85,"column":59}}},"26":{"name":"(anonymous_37)","decl":{"start":{"line":86,"column":33},"end":{"line":86,"column":34}},"loc":{"start":{"line":86,"column":40},"end":{"line":86,"column":53}}},"27":{"name":"(anonymous_38)","decl":{"start":{"line":87,"column":31},"end":{"line":87,"column":32}},"loc":{"start":{"line":87,"column":38},"end":{"line":87,"column":49}}},"28":{"name":"(anonymous_39)","decl":{"start":{"line":88,"column":32},"end":{"line":88,"column":33}},"loc":{"start":{"line":88,"column":39},"end":{"line":88,"column":51}}},"29":{"name":"(anonymous_40)","decl":{"start":{"line":91,"column":29},"end":{"line":91,"column":30}},"loc":{"start":{"line":91,"column":36},"end":{"line":91,"column":46}}},"30":{"name":"(anonymous_41)","decl":{"start":{"line":106,"column":4},"end":{"line":106,"column":5}},"loc":{"start":{"line":106,"column":23},"end":{"line":142,"column":null}}},"31":{"name":"(anonymous_42)","decl":{"start":{"line":128,"column":37},"end":{"line":128,"column":38}},"loc":{"start":{"line":128,"column":49},"end":{"line":128,"column":null}}},"32":{"name":"(anonymous_43)","decl":{"start":{"line":139,"column":17},"end":{"line":139,"column":null}},"loc":{"start":{"line":139,"column":17},"end":{"line":141,"column":9}}},"33":{"name":"(anonymous_44)","decl":{"start":{"line":146,"column":12},"end":{"line":146,"column":null}},"loc":{"start":{"line":146,"column":12},"end":{"line":156,"column":5}}},"34":{"name":"(anonymous_45)","decl":{"start":{"line":147,"column":4},"end":{"line":147,"column":11}},"loc":{"start":{"line":147,"column":4},"end":{"line":147,"column":null}}},"35":{"name":"(anonymous_46)","decl":{"start":{"line":148,"column":12},"end":{"line":148,"column":13}},"loc":{"start":{"line":148,"column":13},"end":{"line":151,"column":null}}},"36":{"name":"(anonymous_47)","decl":{"start":{"line":152,"column":13},"end":{"line":152,"column":14}},"loc":{"start":{"line":152,"column":14},"end":{"line":155,"column":null}}},"37":{"name":"(anonymous_48)","decl":{"start":{"line":159,"column":12},"end":{"line":159,"column":null}},"loc":{"start":{"line":159,"column":12},"end":{"line":173,"column":5}}},"38":{"name":"(anonymous_49)","decl":{"start":{"line":161,"column":31},"end":{"line":161,"column":null}},"loc":{"start":{"line":161,"column":31},"end":{"line":170,"column":9}}},"39":{"name":"(anonymous_50)","decl":{"start":{"line":171,"column":13},"end":{"line":171,"column":19}},"loc":{"start":{"line":171,"column":19},"end":{"line":171,"column":null}}},"40":{"name":"(anonymous_51)","decl":{"start":{"line":178,"column":12},"end":{"line":178,"column":null}},"loc":{"start":{"line":178,"column":12},"end":{"line":193,"column":5}}},"41":{"name":"(anonymous_52)","decl":{"start":{"line":182,"column":17},"end":{"line":182,"column":null}},"loc":{"start":{"line":182,"column":17},"end":{"line":186,"column":9}}},"42":{"name":"(anonymous_53)","decl":{"start":{"line":188,"column":31},"end":{"line":188,"column":null}},"loc":{"start":{"line":188,"column":31},"end":{"line":190,"column":9}}},"43":{"name":"(anonymous_54)","decl":{"start":{"line":191,"column":13},"end":{"line":191,"column":19}},"loc":{"start":{"line":191,"column":19},"end":{"line":191,"column":null}}},"44":{"name":"(anonymous_55)","decl":{"start":{"line":196,"column":12},"end":{"line":196,"column":null}},"loc":{"start":{"line":196,"column":12},"end":{"line":203,"column":5}}},"45":{"name":"(anonymous_56)","decl":{"start":{"line":198,"column":31},"end":{"line":198,"column":null}},"loc":{"start":{"line":198,"column":31},"end":{"line":200,"column":9}}},"46":{"name":"(anonymous_57)","decl":{"start":{"line":201,"column":13},"end":{"line":201,"column":19}},"loc":{"start":{"line":201,"column":19},"end":{"line":201,"column":null}}},"47":{"name":"(anonymous_58)","decl":{"start":{"line":206,"column":12},"end":{"line":206,"column":null}},"loc":{"start":{"line":206,"column":12},"end":{"line":226,"column":5}}},"48":{"name":"(anonymous_59)","decl":{"start":{"line":212,"column":27},"end":{"line":212,"column":null}},"loc":{"start":{"line":212,"column":27},"end":{"line":218,"column":null}}},"49":{"name":"(anonymous_60)","decl":{"start":{"line":222,"column":11},"end":{"line":222,"column":null}},"loc":{"start":{"line":222,"column":11},"end":{"line":225,"column":null}}},"50":{"name":"(anonymous_61)","decl":{"start":{"line":239,"column":4},"end":{"line":239,"column":10}},"loc":{"start":{"line":239,"column":10},"end":{"line":239,"column":null}}},"51":{"name":"(anonymous_62)","decl":{"start":{"line":285,"column":21},"end":{"line":285,"column":27}},"loc":{"start":{"line":285,"column":27},"end":{"line":285,"column":null}}},"52":{"name":"(anonymous_63)","decl":{"start":{"line":371,"column":25},"end":{"line":371,"column":26}},"loc":{"start":{"line":371,"column":26},"end":{"line":375,"column":null}}},"53":{"name":"(anonymous_64)","decl":{"start":{"line":384,"column":17},"end":{"line":384,"column":18}},"loc":{"start":{"line":384,"column":18},"end":{"line":401,"column":null}}},"54":{"name":"(anonymous_65)","decl":{"start":{"line":445,"column":25},"end":{"line":445,"column":31}},"loc":{"start":{"line":445,"column":31},"end":{"line":445,"column":null}}},"55":{"name":"(anonymous_66)","decl":{"start":{"line":461,"column":30},"end":{"line":461,"column":31}},"loc":{"start":{"line":462,"column":12},"end":{"line":463,"column":null}}},"56":{"name":"(anonymous_67)","decl":{"start":{"line":480,"column":44},"end":{"line":480,"column":50}},"loc":{"start":{"line":480,"column":50},"end":{"line":480,"column":null}}}},"branchMap":{"0":{"loc":{"start":{"line":74,"column":11},"end":{"line":74,"column":33}},"type":"binary-expr","locations":[{"start":{"line":74,"column":11},"end":{"line":74,"column":26}},{"start":{"line":74,"column":26},"end":{"line":74,"column":33}}]},"1":{"loc":{"start":{"line":79,"column":26},"end":{"line":79,"column":52}},"type":"binary-expr","locations":[{"start":{"line":79,"column":26},"end":{"line":79,"column":41}},{"start":{"line":79,"column":41},"end":{"line":79,"column":52}}]},"2":{"loc":{"start":{"line":94,"column":19},"end":{"line":94,"column":null}},"type":"binary-expr","locations":[{"start":{"line":94,"column":19},"end":{"line":94,"column":38}},{"start":{"line":94,"column":38},"end":{"line":94,"column":89}}]},"3":{"loc":{"start":{"line":94,"column":3
[...]
line":317,"column":null}},"49":{"start":{"line":318,"column":10},"end":{"line":323,"column":null}},"50":{"start":{"line":319,"column":12},"end":{"line":322,"column":null}},"51":{"start":{"line":332,"column":30},"end":{"line":337,"column":null}},"52":{"start":{"line":340,"column":22},"end":{"line":340,"column":null}},"53":{"start":{"line":341,"column":8},"end":{"line":347,"column":null}},"54":{"start":{"line":342,"column":10},"end":{"line":346,"column":null}},"55":{"start":{"line":350,"column":8},"end":{"line":359,"column":null}},"56":{"start":{"line":351,"column":44},"end":{"line":351,"column":null}},"57":{"start":{"line":352,"column":10},"end":{"line":358,"column":null}},"58":{"start":{"line":354,"column":12},"end":{"line":357,"column":null}},"59":{"start":{"line":360,"column":8},"end":{"line":360,"column":null}}},"fnMap":{"0":{"name":"(anonymous_1)","decl":{"start":{"line":134,"column":6},"end":{"line":134,"column":7}},"loc":{"start":{"line":134,"column":21},"end":{"line":326,"column":null}}},"1":{"name":"(anonymous_2)","decl":{"start":{"line":171,"column":23},"end":{"line":171,"column":24}},"loc":{"start":{"line":171,"column":24},"end":{"line":191,"column":null}}},"2":{"name":"(anonymous_3)","decl":{"start":{"line":194,"column":25},"end":{"line":194,"column":26}},"loc":{"start":{"line":194,"column":26},"end":{"line":201,"column":null}}},"3":{"name":"(anonymous_4)","decl":{"start":{"line":195,"column":12},"end":{"line":195,"column":13}},"loc":{"start":{"line":195,"column":24},"end":{"line":200,"column":null}}},"4":{"name":"(anonymous_5)","decl":{"start":{"line":204,"column":26},"end":{"line":204,"column":27}},"loc":{"start":{"line":204,"column":27},"end":{"line":211,"column":null}}},"5":{"name":"(anonymous_6)","decl":{"start":{"line":205,"column":12},"end":{"line":205,"column":13}},"loc":{"start":{"line":205,"column":24},"end":{"line":210,"column":null}}},"6":{"name":"(anonymous_7)","decl":{"start":{"line":214,"column":24},"end":{"line":214,"column":25}},"loc":{"start":{"line":214,"column":25},"end":{"line":216,"column":null}}},"7":{"name":"(anonymous_8)","decl":{"start":{"line":219,"column":20},"end":{"line":219,"column":21}},"loc":{"start":{"line":219,"column":21},"end":{"line":221,"column":null}}},"8":{"name":"(anonymous_9)","decl":{"start":{"line":224,"column":26},"end":{"line":224,"column":27}},"loc":{"start":{"line":224,"column":37},"end":{"line":228,"column":null}}},"9":{"name":"(anonymous_10)","decl":{"start":{"line":225,"column":12},"end":{"line":225,"column":13}},"loc":{"start":{"line":225,"column":24},"end":{"line":227,"column":null}}},"10":{"name":"(anonymous_11)","decl":{"start":{"line":231,"column":26},"end":{"line":231,"column":27}},"loc":{"start":{"line":231,"column":37},"end":{"line":235,"column":null}}},"11":{"name":"(anonymous_12)","decl":{"start":{"line":232,"column":12},"end":{"line":232,"column":13}},"loc":{"start":{"line":232,"column":24},"end":{"line":234,"column":null}}},"12":{"name":"(anonymous_13)","decl":{"start":{"line":238,"column":22},"end":{"line":238,"column":23}},"loc":{"start":{"line":238,"column":23},"end":{"line":240,"column":null}}},"13":{"name":"(anonymous_14)","decl":{"start":{"line":243,"column":20},"end":{"line":243,"column":21}},"loc":{"start":{"line":243,"column":21},"end":{"line":245,"column":null}}},"14":{"name":"(anonymous_15)","decl":{"start":{"line":248,"column":24},"end":{"line":248,"column":25}},"loc":{"start":{"line":248,"column":25},"end":{"line":250,"column":null}}},"15":{"name":"(anonymous_16)","decl":{"start":{"line":253,"column":23},"end":{"line":253,"column":24}},"loc":{"start":{"line":253,"column":24},"end":{"line":255,"column":null}}},"16":{"name":"(anonymous_17)","decl":{"start":{"line":260,"column":24},"end":{"line":260,"column":31}},"loc":{"start":{"line":260,"column":31},"end":{"line":275,"column":null}}},"17":{"name":"(anonymous_18)","decl":{"start":{"line":261,"column":12},"end":{"line":261,"column":13}},"loc":{"start":{"line":261,"column":24},"end":{"line":263,"column":null}}},"18":{"name":"(anonymous_19)","decl":{"start":{"line":278,"column":24},"end":{"line":278,"column":25}},"loc":{"start":{"line":278,"column":25},"end":{"line":280,"column":null}}},"19":{"name":"(anonymous_20)","decl":{"start":{"line":283,"column":20},"end":{"line":283,"column":21}},"loc":{"start":{"line":283,"column":21},"end":{"line":285,"column":null}}},"20":{"name":"(anonymous_21)","decl":{"start":{"line":288,"column":21},"end":{"line":288,"column":22}},"loc":{"start":{"line":288,"column":22},"end":{"line":290,"column":null}}},"21":{"name":"(anonymous_22)","decl":{"start":{"line":294,"column":16},"end":{"line":294,"column":null}},"loc":{"start":{"line":294,"column":16},"end":{"line":298,"column":null}}},"22":{"name":"(anonymous_23)","decl":{"start":{"line":302,"column":20},"end":{"line":302,"column":null}},"loc":{"start":{"line":302,"column":20},"end":{"line":325,"column":null}}},"23":{"name":"(anonymous_24)","decl":{"start":{"line":316,"column":19},"end":{"line":316,"column":null}},"loc":{"start":{"line":316,"column":19},"end":{"line":324,"column":11}}},"24":{"name":"(anonymous_25)","decl":{"start":{"line":332,"column":18},"end":{"line":332,"column":19}},"loc":{"start":{"line":332,"column":30},"end":{"line":337,"column":null}}},"25":{"name":"(anonymous_26)","decl":{"start":{"line":338,"column":15},"end":{"line":338,"column":16}},"loc":{"start":{"line":338,"column":41},"end":{"line":361,"column":null}}}},"branchMap":{"0":{"loc":{"start":{"line":176,"column":8},"end":{"line":182,"column":null}},"type":"if","locations":[{"start":{"line":176,"column":8},"end":{"line":182,"column":null}}]},"1":{"loc":{"start":{"line":176,"column":12},"end":{"line":176,"column":71}},"type":"binary-expr","locations":[{"start":{"line":176,"column":12},"end":{"line":176,"column":33}},{"start":{"line":176,"column":33},"end":{"line":176,"column":71}}]},"2":{"loc":{"start":{"line":179,"column":25},"end":{"line":179,"column":63}},"type":"binary-expr","locations":[{"start":{"line":179,"column":25},"end":{"line":179,"column":57}},{"start":{"line":179,"column":57},"end":{"line":179,"column":63}}]},"3":{"loc":{"start":{"line":224,"column":27},"end":{"line":224,"column":37}},"type":"default-arg","locations":[{"start":{"line":224,"column":36},"end":{"line":224,"column":37}}]},"4":{"loc":{"start":{"line":231,"column":27},"end":{"line":231,"column":37}},"type":"default-arg","locations":[{"start":{"line":231,"column":36},"end":{"line":231,"column":37}}]},"5":{"loc":{"start":{"line":267,"column":8},"end":{"line":274,"column":null}},"type":"if","locations":[{"start":{"line":267,"column":8},"end":{"line":274,"column":null}}]},"6":{"loc":{"start":{"line":296,"column":8},"end":{"line":296,"column":null}},"type":"if","locations":[{"start":{"line":296,"column":8},"end":{"line":296,"column":null}}]},"7":{"loc":{"start":{"line":305,"column":8},"end":{"line":307,"column":null}},"type":"if","locations":[{"start":{"line":305,"column":8},"end":{"line":307,"column":null}}]},"8":{"loc":{"start":{"line":305,"column":12},"end":{"line":305,"column":70}},"type":"binary-expr","locations":[{"start":{"line":305,"column":12},"end":{"line":305,"column":33}},{"start":{"line":305,"column":33},"end":{"line":305,"column":70}}]},"9":{"loc":{"start":{"line":318,"column":10},"end":{"line":323,"column":null}},"type":"if","locations":[{"start":{"line":318,"column":10},"end":{"line":323,"column":null}}]},"10":{"loc":{"start":{"line":341,"column":8},"end":{"line":347,"column":null}},"type":"if","locations":[{"start":{"line":341,"column":8},"end":{"line":347,"column":null}}]},"11":{"loc":{"start":{"line":341,"column":12},"end":{"line":341,"column":36}},"type":"binary-expr","locations":[{"start":{"line":341,"column":12},"end":{"line":341,"column":29}},{"start":{"line":341,"column":29},"end":{"line":341,"column":36}}]},"12":{"loc":{"start":{"line":344,"column":26},"end":{"line":344,"column":null}},"type":"binary-expr","locations":[{"start":{"line":344,"column":26},"end":{"line":344,"column":44}},{"start":{"line":344,"column":48},"end":{"line":344,"column":null}}]},"13":{"loc":{"start":{"line":345,"column":23},"end":{"line":345,"column":null}},"type":"binary-expr","locations":[{"start":{"line":345,"column":23},"end":{"line":345,"column":38}},{"start":{"line":345,"column":42},"end":{"line":345,"column":null}}]},"14":{"loc":{"start":{"line":350,"column":8},"end":{"line":359,"column":null}},"type":"if","locations":[{"start":{"line":350,"column":8},"end":{"line":359,"column":null}}]},"15":{"loc":{"start":{"line":350,"column":12},"end":{"line":350,"column":35}},"type":"binary-expr","locations":[{"start":{"line":350,"column":12},"end":{"line":350,"column":28}},{"start":{"line":350,"column":28},"end":{"line":350,"column":35}}]},"16":{"loc":{"start":{"line":352,"column":10},"end":{"line":358,"column":null}},"type":"if","locations":[{"start":{"line":352,"column":10},"end":{"line":358,"column":null}}]},"17":{"loc":{"start":{"line":352,"column":14},"end":{"line":352,"column":75}},"type":"binary-expr","locations":[{"start":{"line":352,"column":14},"end":{"line":352,"column":30}},{"start":{"line":352,"column":34},"end":{"line":352,"column":75}}]}},"s":{"0":0,"1":0,"2":0,"3":0,"4":0,"5":0,"6":0,"7":0,"8":0,"9":0,"10":0,"11":0,"12":0,"13":0,"14":0,"15":0,"16":0,"17":0,"18":0,"19":0,"20":0,"21":0,"22":0,"23":0,"24":0,"25":0,"26":0,"27":0,"28":0,"29":0,"30":0,"31":0,"32":0,"33":0,"34":0,"35":0,"36":0,"37":0,"38":0,"39":0,"40":0,"41":0,"42":0,"43":0,"44":0,"45":0,"46":0,"47":0,"48":0,"49":0,"50":0,"51":0,"52":0,"53":0,"54":0,"55":0,"56":0,"57":0,"58":0,"59":0},"f":{"0":0,"1":0,"2":0,"3":0,"4":0,"5":0,"6":0,"7":0,"8":0,"9":0,"10":0,"11":0,"12":0,"13":0,"14":0,"15":0,"16":0,"17":0,"18":0,"19":0,"20":0,"21":0,"22":0,"23":0,"24":0,"25":0},"b":{"0":[0],"1":[0,0],"2":[0,0],"3":[0],"4":[0],"5":[0],"6":[0],"7":[0],"8":[0,0],"9":[0],"10":[0],"11":[0,0],"12":[0,0],"13":[0,0],"14":[0],"15":[0,0],"16":[0],"17":[0,0]}}
,"/Users/ip9202/develop/vibe/mind-jelly/src/stores/themeStore.ts": {"path":"/Users/ip9202/develop/vibe/mind-jelly/src/stores/themeStore.ts","statementMap":{"0":{"start":{"line":66,"column":13},"end":{"line":66,"column":26}},"1":{"start":{"line":1,"column":23},"end":{"line":1,"column":null}},"2":{"start":{"line":8,"column":20},"end":{"line":8,"column":null}},"3":{"start":{"line":11,"column":25},"end":{"line":11,"column":null}},"4":{"start":{"line":32,"column":2},"end":{"line":32,"column":null}},"5":{"start":{"line":32,"column":37},"end":{"line":32,"column":null}},"6":{"start":{"line":33,"column":2},"end":{"line":33,"column":null}},"7":{"start":{"line":40,"column":2},"end":{"line":40,"column":null}},"8":{"start":{"line":40,"column":39},"end":{"line":40,"column":null}},"9":{"start":{"line":42,"column":2},"end":{"line":46,"column":null}},"10":{"start":{"line":43,"column":4},"end":{"line":43,"column":null}},"11":{"start":{"line":45,"column":4},"end":{"line":45,"column":null}},"12":{"start":{"line":53,"column":2},"end":{"line":53,"column":null}},"13":{"start":{"line":53,"column":26},"end":{"line":53,"column":null}},"14":{"start":{"line":54,"column":2},"end":{"line":54,"column":null}},"15":{"start":{"line":66,"column":26},"end":{"line":116,"column":null}},"16":{"start":{"line":66,"column":67},"end":{"line":116,"column":null}},"17":{"start":{"line":71,"column":26},"end":{"line":71,"column":null}},"18":{"start":{"line":74,"column":4},"end":{"line":76,"column":null}},"19":{"start":{"line":75,"column":6},"end":{"line":75,"column":null}},"20":{"start":{"line":79,"column":4},"end":{"line":79,"column":null}},"21":{"start":{"line":81,"column":4},"end":{"line":81,"column":null}},"22":{"start":{"line":85,"column":30},"end":{"line":85,"column":null}},"23":{"start":{"line":87,"column":28},"end":{"line":87,"column":null}},"24":{"start":{"line":88,"column":4},"end":{"line":88,"column":null}},"25":{"start":{"line":92,"column":4},"end":{"line":92,"column":null}},"26":{"start":{"line":92,"column":39},"end":{"line":92,"column":null}},"27":{"start":{"line":95,"column":23},"end":{"line":95,"column":null}},"28":{"start":{"line":96,"column":25},"end":{"line":96,"column":null}},"29":{"start":{"line":97,"column":26},"end":{"line":97,"column":null}},"30":{"start":{"line":99,"column":4},"end":{"line":99,"column":null}},"31":{"start":{"line":101,"column":4},"end":{"line":101,"column":null}},"32":{"start":{"line":104,"column":23},"end":{"line":104,"column":null}},"33":{"start":{"line":105,"column":25},"end":{"line":112,"column":null}},"34":{"start":{"line":106,"column":38},"end":{"line":106,"column":null}},"35":{"start":{"line":107,"column":6},"end":{"line":111,"column":null}},"36":{"start":{"line":108,"column":43},"end":{"line":108,"column":null}},"37":{"start":{"line":109,"column":8},"end":{"line":109,"column":null}},"38":{"start":{"line":110,"column":8},"end":{"line":110,"column":null}},"39":{"start":{"line":114,"column":4},"end":{"line":114,"column":null}}},"fnMap":{"0":{"name":"getSystemTheme","decl":{"start":{"line":31,"column":9},"end":{"line":31,"column":null}},"loc":{"start":{"line":31,"column":9},"end":{"line":34,"column":null}}},"1":{"name":"applyDarkClass","decl":{"start":{"line":39,"column":9},"end":{"line":39,"column":24}},"loc":{"start":{"line":39,"column":52},"end":{"line":47,"column":null}}},"2":{"name":"resolveTheme","decl":{"start":{"line":52,"column":9},"end":{"line":52,"column":22}},"loc":{"start":{"line":52,"column":34},"end":{"line":55,"column":null}}},"3":{"name":"(anonymous_4)","decl":{"start":{"line":66,"column":52},"end":{"line":66,"column":53}},"loc":{"start":{"line":66,"column":67},"end":{"line":116,"column":null}}},"4":{"name":"(anonymous_5)","decl":{"start":{"line":70,"column":12},"end":{"line":70,"column":13}},"loc":{"start":{"line":70,"column":13},"end":{"line":82,"column":null}}},"5":{"name":"(anonymous_6)","decl":{"start":{"line":84,"column":15},"end":{"line":84,"column":null}},"loc":{"start":{"line":84,"column":15},"end":{"line":89,"column":null}}},"6":{"name":"(anonymous_7)","decl":{"start":{"line":91,"column":13},"end":{"line":91,"column":null}},"loc":{"start":{"line":91,"column":13},"end":{"line":115,"column":null}}},"7":{"name":"(anonymous_8)","decl":{"start":{"line":105,"column":25},"end":{"line":105,"column":26}},"loc":{"start":{"line":105,"column":26},"end":{"line":112,"column":null}}}},"branchMap":{"0":{"loc":{"start":{"line":32,"column":2},"end":{"line":32,"column":null}},"type":"if","locations":[{"start":{"line":32,"column":2},"end":{"line":32,"column":null}}]},"1":{"loc":{"start":{"line":33,"column":9},"end":{"line":33,"column":null}},"type":"cond-expr","locations":[{"start":{"line":33,"column":55},"end":{"line":33,"column":64}},{"start":{"line":33,"column":64},"end":{"line":33,"column":null}}]},"2":{"loc":{"start":{"line":40,"column":2},"end":{"line":40,"column":null}},"type":"if","locations":[{"start":{"line":40,"column":2},"end":{"line":40,"column":null}}]},"3":{"loc":{"start":{"line":42,"column":2},"end":{"line":46,"column":null}},"type":"if","locations":[{"start":{"line":42,"column":2},"end":{"line":46,"column":null}},{"start":{"line":44,"column":9},"end":{"line":46,"column":null}}]},"4":{"loc":{"start":{"line":53,"column":2},"end":{"line":53,"column":null}},"type":"if","locations":[{"start":{"line":53,"column":2},"end":{"line":53,"column":null}}]},"5":{"loc":{"start":{"line":74,"column":4},"end":{"line":76,"column":null}},"type":"if","locations":[{"start":{"line":74,"column":4},"end":{"line":76,"column":null}}]},"6":{"loc":{"start":{"line":87,"column":28},"end":{"line":87,"column":null}},"type":"cond-expr","locations":[{"start":{"line":87,"column":55},"end":{"line":87,"column":65}},{"start":{"line":87,"column":65},"end":{"line":87,"column":null}}]},"7":{"loc":{"start":{"line":92,"column":4},"end":{"line":92,"column":null}},"type":"if","locations":[{"start":{"line":92,"column":4},"end":{"line":92,"column":null}}]},"8":{"loc":{"start":{"line":96,"column":25},"end":{"line":96,"column":null}},"type":"binary-expr","locations":[{"start":{"line":96,"column":25},"end":{"line":96,"column":39}},{"start":{"line":96,"column":39},"end":{"line":96,"column":null}}]},"9":{"loc":{"start":{"line":107,"column":6},"end":{"line":111,"column":null}},"type":"if","locations":[{"start":{"line":107,"column":6},"end":{"line":111,"column":null}}]},"10":{"loc":{"start":{"line":108,"column":43},"end":{"line":108,"column":null}},"type":"cond-expr","locations":[{"start":{"line":108,"column":55},"end":{"line":108,"column":64}},{"start":{"line":108,"column":64},"end":{"line":108,"column":null}}]}},"s":{"0":0,"1":0,"2":0,"3":0,"4":0,"5":0,"6":0,"7":0,"8":0,"9":0,"10":0,"11":0,"12":0,"13":0,"14":0,"15":0,"16":0,"17":0,"18":0,"19":0,"20":0,"21":0,"22":0,"23":0,"24":0,"25":0,"26":0,"27":0,"28":0,"29":0,"30":0,"31":0,"32":0,"33":0,"34":0,"35":0,"36":0,"37":0,"38":0,"39":0},"f":{"0":0,"1":0,"2":0,"3":0,"4":0,"5":0,"6":0,"7":0},"b":{"0":[0],"1":[0,0],"2":[0],"3":[0,0],"4":[0],"5":[0],"6":[0,0],"7":[0],"8":[0,0],"9":[0],"10":[0,0]}}
,"/Users/ip9202/develop/vibe/mind-jelly/src/stores/tossStore.ts": {"path":"/Users/ip9202/develop/vibe/mind-jelly/src/stores/tossStore.ts","statementMap":{"0":{"start":{"line":51,"column":13},"end":{"line":51,"column":25}},"1":{"start":{"line":6,"column":23},"end":{"line":6,"column":null}},"2":{"start":{"line":7,"column":25},"end":{"line":7,"column":null}},"3":{"start":{"line":9,"column":29},"end":{"line":9,"column":null}},"4":{"start":{"line":10,"column":27},"end":{"line":10,"column":null}},"5":{"start":{"line":51,"column":25},"end":{"line":95,"column":null}},"6":{"start":{"line":53,"column":14},"end":{"line":92,"column":null}},"7":{"start":{"line":62,"column":8},"end":{"line":62,"column":null}},"8":{"start":{"line":66,"column":8},"end":{"line":66,"column":null}},"9":{"start":{"line":67,"column":8},"end":{"line":73,"column":null}},"10":{"start":{"line":69,"column":33},"end":{"line":69,"column":69}},"11":{"start":{"line":70,"column":10},"end":{"line":72,"column":null}},"12":{"start":{"line":71,"column":12},"end":{"line":71,"column":null}},"13":{"start":{"line":77,"column":8},"end":{"line":77,"column":null}},"14":{"start":{"line":81,"column":8},"end":{"line":81,"column":null}},"15":{"start":{"line":85,"column":8},"end":{"line":90,"column":null}}},"fnMap":{"0":{"name":"(anonymous_1)","decl":{"start":{"line":53,"column":4},"end":{"line":53,"column":5}},"loc":{"start":{"line":53,"column":14},"end":{"line":92,"column":null}}},"1":{"name":"(anonymous_2)","decl":{"start":{"line":61,"column":18},"end":{"line":61,"column":19}},"loc":{"start":{"line":61,"column":19},"end":{"line":63,"column":null}}},"2":{"name":"(anonymous_3)","decl":{"start":{"line":65,"column":19},"end":{"line":65,"column":20}},"loc":{"start":{"line":65,"column":20},"end":{"line":74,"column":null}}},"3":{"name":"(anonymous_4)","decl":{"start":{"line":71,"column":60},"end":{"line":71,"column":67}},"loc":{"start":{"line":71,"column":60},"end":{"line":71,"column":null}}},"4":{"name":"(anonymous_5)","decl":{"start":{"line":76,"column":22},"end":{"line":76,"column":23}},"loc":{"start":{"line":76,"column":23},"end":{"line":78,"column":null}}},"5":{"name":"(anonymous_6)","decl":{"start":{"line":80,"column":22},"end":{"line":80,"column":23}},"loc":{"start":{"line":80,"column":23},"end":{"line":82,"column":null}}},"6":{"name":"(anonymous_7)","decl":{"start":{"line":84,"column":13},"end":{"line":84,"column":null}},"loc":{"start":{"line":84,"column":13},"end":{"line":91,"column":null}}}},"branchMap":{"0":{"loc":{"start":{"line":67,"column":8},"end":{"line":73,"column":null}},"type":"if","locations":[{"start":{"line":67,"column":8},"end":{"line":73,"column":null}}]},"1":{"loc":{"start":{"line":70,"column":10},"end":{"line":72,"column":null}},"type":"if","locations":[{"start":{"line":70,"column":10},"end":{"line":72,"column":null}}]}},"s":{"0":0,"1":0,"2":0,"3":0,"4":0,"5":0,"6":0,"7":0,"8":0,"9":0,"10":0,"11":0,"12":0,"13":0,"14":0,"15":0},"f":{"0":0,"1":0,"2":0,"3":0,"4":0,"5":0,"6":0},"b":{"0":[0],"1":[0]}}
}
