TN:
SF:src/app/layout.tsx
FN:46,RootLayout
FNF:1
FNH:0
FNDA:0,RootLayout
DA:2,0
DA:3,0
DA:4,0
DA:5,0
DA:7,0
DA:14,0
DA:21,0
DA:28,0
DA:34,0
DA:46,0
LF:10
LH:0
BRF:0
BRH:0
end_of_record
TN:
SF:src/app/page.tsx
FN:8,SplashPage
FN:11,(anonymous_3)
FNF:2
FNH:0
FNDA:0,SplashPage
FNDA:0,(anonymous_3)
DA:3,0
DA:4,0
DA:5,0
DA:6,0
DA:8,0
DA:9,0
DA:11,0
DA:12,0
DA:13,0
DA:14,0
LF:10
LH:0
BRDA:13,0,0,0
BRF:1
BRH:0
end_of_record
TN:
SF:src/app/diary/page.tsx
FN:10,(anonymous_2)
FN:10,(anonymous_3)
FN:80,formatTimeKo
FN:92,formatMonthKo
FN:100,getCalendarDays
FN:125,getMondayIndex
FN:134,DiaryPage
FN:135,(anonymous_9)
FN:135,(anonymous_10)
FN:143,(anonymous_11)
FN:146,(anonymous_12)
FN:147,(anonymous_13)
FN:149,(anonymous_14)
FN:156,(anonymous_15)
FN:157,(anonymous_16)
FN:159,(anonymous_17)
FN:168,(anonymous_18)
FN:174,(anonymous_19)
FN:180,(anonymous_20)
FN:182,(anonymous_21)
FN:194,(anonymous_22)
FN:199,(anonymous_23)
FN:206,(anonymous_24)
FN:220,(anonymous_25)
FN:231,(anonymous_26)
FN:232,(anonymous_27)
FN:294,(anonymous_28)
FN:302,(anonymous_29)
FN:315,(anonymous_30)
FN:357,(anonymous_31)
FN:370,(anonymous_32)
FN:379,(anonymous_33)
FN:413,(anonymous_34)
FN:437,getConfidenceLabel
FN:446,TimelineEntry
FN:448,(anonymous_37)
FN:452,handleToggle
FN:468,(anonymous_39)
FN:490,(anonymous_40)
FN:517,(anonymous_41)
FN:523,(anonymous_42)
FN:545,(anonymous_43)
FN:573,formatDateKey
FNF:43
FNH:33
FNDA:19,(anonymous_2)
FNDA:19,(anonymous_3)
FNDA:42,formatTimeKo
FNDA:19,formatMonthKo
FNDA:19,getCalendarDays
FNDA:19,getMondayIndex
FNDA:19,DiaryPage
FNDA:57,(anonymous_9)
FNDA:0,(anonymous_10)
FNDA:19,(anonymous_11)
FNDA:0,(anonymous_12)
FNDA:0,(anonymous_13)
FNDA:0,(anonymous_14)
FNDA:0,(anonymous_15)
FNDA:0,(anonymous_16)
FNDA:0,(anonymous_17)
FNDA:19,(anonymous_18)
FNDA:19,(anonymous_19)
FNDA:19,(anonymous_20)
FNDA:22,(anonymous_21)
FNDA:19,(anonymous_22)
FNDA:11,(anonymous_23)
FNDA:19,(anonymous_24)
FNDA:133,(anonymous_25)
FNDA:99,(anonymous_26)
FNDA:198,(anonymous_27)
FNDA:133,(anonymous_28)
FNDA:798,(anonymous_29)
FNDA:0,(anonymous_30)
FNDA:22,(anonymous_31)
FNDA:78,(anonymous_32)
FNDA:77,(anonymous_33)
FNDA:22,(anonymous_34)
FNDA:9,getConfidenceLabel
FNDA:33,TimelineEntry
FNDA:33,(anonymous_37)
FNDA:0,handleToggle
FNDA:9,(anonymous_39)
FNDA:0,(anonymous_40)
FNDA:1,(anonymous_41)
FNDA:1,(anonymous_42)
FNDA:1,(anonymous_43)
FNDA:1200,formatDateKey
DA:3,2
DA:4,2
DA:5,2
DA:6,2
DA:10,19
DA:16,2
DA:74,2
DA:75,2
DA:81,42
DA:82,42
DA:83,42
DA:84,42
DA:85,42
DA:86,42
DA:93,19
DA:101,19
DA:102,19
DA:103,19
DA:104,19
DA:107,19
DA:108,19
DA:110,19
DA:111,589
DA:115,19
DA:116,114
DA:119,19
DA:126,19
DA:127,19
DA:128,19
DA:129,19
DA:130,19
DA:131,19
DA:134,19
DA:135,57
DA:137,19
DA:138,19
DA:139,19
DA:140,19
DA:143,19
DA:146,19
DA:147,0
DA:148,0
DA:149,0
DA:150,0
DA:152,0
DA:156,19
DA:157,0
DA:158,0
DA:159,0
DA:160,0
DA:162,0
DA:167,19
DA:168,19
DA:173,19
DA:175,19
DA:180,19
DA:181,19
DA:182,19
DA:183,22
DA:185,22
DA:186,22
DA:189,19
DA:193,19
DA:195,19
DA:200,11
DA:206,19
DA:207,19
DA:208,19
DA:220,19
DA:221,133
DA:222,133
DA:223,133
DA:227,133
DA:228,133
DA:230,11
DA:231,11
DA:232,198
DA:233,99
DA:234,22
DA:241,11
DA:295,133
DA:303,798
DA:304,209
DA:307,589
DA:309,589
DA:310,589
DA:312,589
DA:315,0
DA:358,22
DA:370,78
DA:380,77
DA:381,66
DA:394,11
DA:414,22
DA:438,9
DA:439,0
DA:440,0
DA:447,33
DA:448,33
DA:449,33
DA:450,33
DA:453,0
DA:454,0
DA:455,0
DA:456,0
DA:460,0
DA:468,9
DA:490,0
DA:517,1
DA:523,1
DA:545,1
DA:574,1200
DA:575,1200
DA:576,1200
DA:577,1200
LF:115
LH:96
BRDA:84,0,0,0
BRDA:84,0,1,42
BRDA:85,1,0,0
BRDA:85,1,1,42
BRDA:85,2,0,42
BRDA:85,2,1,0
BRDA:128,3,0,0
BRDA:128,3,1,19
BRDA:148,4,0,0
BRDA:158,5,0,0
BRDA:185,6,0,22
BRDA:185,7,0,22
BRDA:185,7,1,22
BRDA:228,8,0,122
BRDA:233,9,0,22
BRDA:303,10,0,209
BRDA:317,11,0,19
BRDA:317,11,1,570
BRDA:323,12,0,589
BRDA:323,12,1,589
BRDA:344,13,0,8
BRDA:342,14,0,19
BRDA:342,14,1,19
BRDA:372,15,0,8
BRDA:370,16,0,19
BRDA:370,16,1,19
BRDA:380,17,0,66
BRDA:401,18,0,0
BRDA:401,18,1,11
BRDA:406,19,0,0
BRDA:406,19,1,11
BRDA:410,20,0,0
BRDA:410,20,1,11
BRDA:438,21,0,9
BRDA:439,22,0,0
BRDA:453,23,0,0
BRDA:453,24,0,0
BRDA:453,24,1,0
BRDA:487,25,0,33
BRDA:492,26,0,11
BRDA:492,26,1,22
BRDA:494,27,0,11
BRDA:494,27,1,22
BRDA:504,28,0,11
BRDA:504,28,1,22
BRDA:506,29,0,0
BRDA:506,29,1,33
BRDA:506,30,0,11
BRDA:506,30,1,22
BRDA:513,31,0,33
BRF:50
BRH:36
end_of_record
TN:
SF:src/app/friends/page.tsx
FN:58,Avatar
FN:80,formatRelativeTime
FN:93,SearchTab
FN:104,(anonymous_5)
FN:108,(anonymous_6)
FN:116,(anonymous_7)
FN:117,(anonymous_8)
FN:123,(anonymous_9)
FN:128,handleSearch
FN:156,handleAdd
FN:186,(anonymous_12)
FN:254,(anonymous_13)
FN:283,ListTab
FN:290,(anonymous_15)
FN:300,(anonymous_16)
FN:306,(anonymous_17)
FN:307,(anonymous_18)
FN:316,(anonymous_19)
FN:321,handleAccept
FN:333,handleReject
FN:371,(anonymous_22)
FN:387,(anonymous_23)
FN:394,(anonymous_24)
FN:420,(anonymous_25)
FN:449,FeedTab
FN:454,(anonymous_27)
FN:456,(anonymous_28)
FN:461,(anonymous_29)
FN:476,(anonymous_30)
FN:508,(anonymous_31)
FN:541,FriendsPage
FN:542,(anonymous_33)
FN:572,(anonymous_34)
FN:577,(anonymous_35)
FNF:34
FNH:0
FNDA:0,Avatar
FNDA:0,formatRelativeTime
FNDA:0,SearchTab
FNDA:0,(anonymous_5)
FNDA:0,(anonymous_6)
FNDA:0,(anonymous_7)
FNDA:0,(anonymous_8)
FNDA:0,(anonymous_9)
FNDA:0,handleSearch
FNDA:0,handleAdd
FNDA:0,(anonymous_12)
FNDA:0,(anonymous_13)
FNDA:0,ListTab
FNDA:0,(anonymous_15)
FNDA:0,(anonymous_16)
FNDA:0,(anonymous_17)
FNDA:0,(anonymous_18)
FNDA:0,(anonymous_19)
FNDA:0,handleAccept
FNDA:0,handleReject
FNDA:0,(anonymous_22)
FNDA:0,(anonymous_23)
FNDA:0,(anonymous_24)
FNDA:0,(anonymous_25)
FNDA:0,FeedTab
FNDA:0,(anonymous_27)
FNDA:0,(anonymous_28)
FNDA:0,(anonymous_29)
FNDA:0,(anonymous_30)
FNDA:0,(anonymous_31)
FNDA:0,FriendsPage
FNDA:0,(anonymous_33)
FNDA:0,(anonymous_34)
FNDA:0,(anonymous_35)
DA:3,0
DA:4,0
DA:5,0
DA:6,0
DA:17,0
DA:65,0
DA:66,0
DA:81,0
DA:82,0
DA:83,0
DA:84,0
DA:85,0
DA:86,0
DA:87,0
DA:88,0
DA:89,0
DA:94,0
DA:95,0
DA:96,0
DA:97,0
DA:100,0
DA:101,0
DA:102,0
DA:104,0
DA:105,0
DA:106,0
DA:107,0
DA:109,0
DA:112,0
DA:113,0
DA:114,0
DA:116,0
DA:117,0
DA:123,0
DA:125,0
DA:129,0
DA:130,0
DA:131,0
DA:132,0
DA:133,0
DA:134,0
DA:135,0
DA:136,0
DA:137,0
DA:138,0
DA:140,0
DA:141,0
DA:142,0
DA:144,0
DA:145,0
DA:146,0
DA:147,0
DA:148,0
DA:150,0
DA:152,0
DA:157,0
DA:158,0
DA:159,0
DA:160,0
DA:161,0
DA:162,0
DA:164,0
DA:165,0
DA:166,0
DA:167,0
DA:169,0
DA:172,0
DA:186,0
DA:255,0
DA:284,0
DA:285,0
DA:286,0
DA:287,0
DA:288,0
DA:290,0
DA:291,0
DA:292,0
DA:293,0
DA:294,0
DA:298,0
DA:300,0
DA:301,0
DA:303,0
DA:304,0
DA:306,0
DA:307,0
DA:310,0
DA:312,0
DA:316,0
DA:318,0
DA:322,0
DA:323,0
DA:324,0
DA:325,0
DA:327,0
DA:329,0
DA:334,0
DA:335,0
DA:336,0
DA:337,0
DA:339,0
DA:341,0
DA:345,0
DA:372,0
DA:387,0
DA:394,0
DA:421,0
DA:450,0
DA:451,0
DA:452,0
DA:454,0
DA:455,0
DA:456,0
DA:457,0
DA:458,0
DA:459,0
DA:460,0
DA:461,0
DA:462,0
DA:464,0
DA:465,0
DA:466,0
DA:468,0
DA:469,0
DA:471,0
DA:473,0
DA:476,0
DA:477,0
DA:481,0
DA:509,0
DA:541,0
DA:542,0
DA:543,0
DA:545,0
DA:573,0
DA:574,0
DA:577,0
LF:137
LH:0
BRDA:60,0,0,0
BRDA:65,1,0,0
BRDA:65,1,1,0
BRDA:83,2,0,0
BRDA:84,3,0,0
BRDA:86,4,0,0
BRDA:88,5,0,0
BRDA:109,6,0,0
BRDA:109,6,1,0
BRDA:112,7,0,0
BRDA:129,8,0,0
BRDA:136,9,0,0
BRDA:140,10,0,0
BRDA:146,11,0,0
BRDA:146,11,1,0
BRDA:147,12,0,0
BRDA:147,12,1,0
BRDA:157,13,0,0
BRDA:165,14,0,0
BRDA:165,14,1,0
BRDA:193,15,0,0
BRDA:193,15,1,0
BRDA:196,16,0,0
BRDA:196,16,1,0
BRDA:200,17,0,0
BRDA:204,18,0,0
BRDA:209,19,0,0
BRDA:215,20,0,0
BRDA:215,20,1,0
BRDA:215,20,2,0
BRDA:220,21,0,0
BRDA:220,21,1,0
BRDA:227,22,0,0
BRDA:231,23,0,0
BRDA:240,24,0,0
BRDA:240,24,1,0
BRDA:248,25,0,0
BRDA:258,26,0,0
BRDA:258,26,1,0
BRDA:264,27,0,0
BRDA:264,27,1,0
BRDA:301,28,0,0
BRDA:301,28,1,0
BRDA:303,29,0,0
BRDA:303,29,1,0
BRDA:345,30,0,0
BRDA:355,31,0,0
BRDA:364,32,0,0
BRDA:376,33,0,0
BRDA:376,33,1,0
BRDA:379,34,0,0
BRDA:379,34,1,0
BRDA:412,35,0,0
BRDA:424,36,0,0
BRDA:424,36,1,0
BRDA:430,37,0,0
BRDA:430,37,1,0
BRDA:462,38,0,0
BRDA:462,38,1,0
BRDA:464,39,0,0
BRDA:465,40,0,0
BRDA:469,41,0,0
BRDA:471,42,0,0
BRDA:473,43,0,0
BRDA:481,44,0,0
BRDA:495,45,0,0
BRDA:500,46,0,0
BRDA:514,47,0,0
BRDA:514,47,1,0
BRDA:517,48,0,0
BRDA:517,48,1,0
BRDA:527,49,0,0
BRDA:579,50,0,0
BRDA:579,50,1,0
BRDA:591,51,0,0
BRDA:598,52,0,0
BRDA:600,53,0,0
BRF:77
BRH:0
end_of_record
TN:
SF:src/app/home/page.tsx
FN:15,(anonymous_5)
FN:15,(anonymous_6)
FN:15,(anonymous_7)
FN:20,(anonymous_10)
FN:20,(anonymous_11)
FN:20,(anonymous_12)
FN:25,(anonymous_14)
FN:25,(anonymous_15)
FN:25,(anonymous_16)
FN:30,(anonymous_18)
FN:30,(anonymous_19)
FN:30,(anonymous_20)
FN:35,(anonymous_22)
FN:35,(anonymous_23)
FN:35,(anonymous_24)
FN:39,(anonymous_26)
FN:39,(anonymous_27)
FN:49,HomePage
FN:50,(anonymous_29)
FN:50,(anonymous_30)
FN:72,(anonymous_31)
FN:76,(anonymous_32)
FN:82,(anonymous_33)
FN:83,(anonymous_34)
FN:84,(anonymous_35)
FN:85,(anonymous_36)
FN:86,(anonymous_37)
FN:87,(anonymous_38)
FN:88,(anonymous_39)
FN:91,(anonymous_40)
FN:106,(anonymous_41)
FN:128,(anonymous_42)
FN:139,(anonymous_43)
FN:146,(anonymous_44)
FN:147,(anonymous_45)
FN:148,(anonymous_46)
FN:152,(anonymous_47)
FN:159,(anonymous_48)
FN:161,(anonymous_49)
FN:171,(anonymous_50)
FN:178,(anonymous_51)
FN:182,(anonymous_52)
FN:188,(anonymous_53)
FN:191,(anonymous_54)
FN:196,(anonymous_55)
FN:198,(anonymous_56)
FN:201,(anonymous_57)
FN:206,(anonymous_58)
FN:212,(anonymous_59)
FN:222,(anonymous_60)
FN:239,(anonymous_61)
FN:285,(anonymous_62)
FN:371,(anonymous_63)
FN:384,(anonymous_64)
FN:445,(anonymous_65)
FN:461,(anonymous_66)
FN:480,(anonymous_67)
FNF:57
FNH:0
FNDA:0,(anonymous_5)
FNDA:0,(anonymous_6)
FNDA:0,(anonymous_7)
FNDA:0,(anonymous_10)
FNDA:0,(anonymous_11)
FNDA:0,(anonymous_12)
FNDA:0,(anonymous_14)
FNDA:0,(anonymous_15)
FNDA:0,(anonymous_16)
FNDA:0,(anonymous_18)
FNDA:0,(anonymous_19)
FNDA:0,(anonymous_20)
FNDA:0,(anonymous_22)
FNDA:0,(anonymous_23)
FNDA:0,(anonymous_24)
FNDA:0,(anonymous_26)
FNDA:0,(anonymous_27)
FNDA:0,HomePage
FNDA:0,(anonymous_29)
FNDA:0,(anonymous_30)
FNDA:0,(anonymous_31)
FNDA:0,(anonymous_32)
FNDA:0,(anonymous_33)
FNDA:0,(anonymous_34)
FNDA:0,(anonymous_35)
FNDA:0,(anonymous_36)
FNDA:0,(anonymous_37)
FNDA:0,(anonymous_38)
FNDA:0,(anonymous_39)
FNDA:0,(anonymous_40)
FNDA:0,(anonymous_41)
FNDA:0,(anonymous_42)
FNDA:0,(anonymous_43)
FNDA:0,(anonymous_44)
FNDA:0,(anonymous_45)
FNDA:0,(anonymous_46)
FNDA:0,(anonymous_47)
FNDA:0,(anonymous_48)
FNDA:0,(anonymous_49)
FNDA:0,(anonymous_50)
FNDA:0,(anonymous_51)
FNDA:0,(anonymous_52)
FNDA:0,(anonymous_53)
FNDA:0,(anonymous_54)
FNDA:0,(anonymous_55)
FNDA:0,(anonymous_56)
FNDA:0,(anonymous_57)
FNDA:0,(anonymous_58)
FNDA:0,(anonymous_59)
FNDA:0,(anonymous_60)
FNDA:0,(anonymous_61)
FNDA:0,(anonymous_62)
FNDA:0,(anonymous_63)
FNDA:0,(anonymous_64)
FNDA:0,(anonymous_65)
FNDA:0,(anonymous_66)
FNDA:0,(anonymous_67)
DA:3,0
DA:4,0
DA:5,0
DA:6,0
DA:7,0
DA:8,0
DA:9,0
DA:10,0
DA:11,0
DA:15,0
DA:20,0
DA:25,0
DA:30,0
DA:35,0
DA:39,0
DA:45,0
DA:46,0
DA:47,0
DA:49,0
DA:50,0
DA:51,0
DA:52,0
DA:53,0
DA:54,0
DA:55,0
DA:56,0
DA:59,0
DA:72,0
DA:73,0
DA:74,0
DA:76,0
DA:77,0
DA:79,0
DA:82,0
DA:83,0
DA:84,0
DA:85,0
DA:86,0
DA:87,0
DA:88,0
DA:91,0
DA:94,0
DA:97,0
DA:105,0
DA:107,0
DA:110,0
DA:111,0
DA:113,0
DA:115,0
DA:119,0
DA:122,0
DA:125,0
DA:126,0
DA:127,0
DA:128,0
DA:129,0
DA:130,0
DA:135,0
DA:136,0
DA:139,0
DA:140,0
DA:146,0
DA:147,0
DA:149,0
DA:150,0
DA:153,0
DA:154,0
DA:159,0
DA:160,0
DA:161,0
DA:163,0
DA:164,0
DA:165,0
DA:167,0
DA:169,0
DA:171,0
DA:178,0
DA:179,0
DA:182,0
DA:183,0
DA:184,0
DA:185,0
DA:188,0
DA:189,0
DA:191,0
DA:196,0
DA:197,0
DA:198,0
DA:199,0
DA:201,0
DA:206,0
DA:207,0
DA:209,0
DA:210,0
DA:212,0
DA:213,0
DA:214,0
DA:215,0
DA:216,0
DA:217,0
DA:220,0
DA:221,0
DA:222,0
DA:223,0
DA:224,0
DA:231,0
DA:234,0
DA:237,0
DA:239,0
DA:244,0
DA:267,0
DA:285,0
DA:373,0
DA:374,0
DA:385,0
DA:445,0
DA:462,0
DA:480,0
LF:118
LH:0
BRDA:74,0,0,0
BRDA:74,0,1,0
BRDA:79,1,0,0
BRDA:79,1,1,0
BRDA:94,2,0,0
BRDA:94,2,1,0
BRDA:94,3,0,0
BRDA:94,3,1,0
BRDA:94,4,0,0
BRDA:94,4,1,0
BRDA:110,5,0,0
BRDA:110,5,1,0
BRDA:111,6,0,0
BRDA:111,6,1,0
BRDA:115,7,0,0
BRDA:125,8,0,0
BRDA:125,9,0,0
BRDA:125,9,1,0
BRDA:129,10,0,0
BRDA:160,11,0,0
BRDA:164,12,0,0
BRDA:179,13,0,0
BRDA:179,14,0,0
BRDA:179,14,1,0
BRDA:197,15,0,0
BRDA:207,16,0,0
BRDA:210,17,0,0
BRDA:231,18,0,0
BRDA:231,18,1,0
BRDA:244,19,0,0
BRDA:284,20,0,0
BRDA:283,21,0,0
BRDA:283,21,1,0
BRDA:296,22,0,0
BRDA:307,23,0,0
BRDA:309,24,0,0
BRDA:309,24,1,0
BRDA:309,25,0,0
BRDA:309,25,1,0
BRDA:363,26,0,0
BRDA:363,26,1,0
BRDA:364,27,0,0
BRDA:364,27,1,0
BRDA:366,28,0,0
BRDA:366,28,1,0
BRDA:367,29,0,0
BRDA:367,29,1,0
BRDA:378,30,0,0
BRDA:396,31,0,0
BRDA:403,32,0,0
BRDA:403,32,1,0
BRDA:411,33,0,0
BRDA:411,33,1,0
BRDA:415,34,0,0
BRDA:415,34,1,0
BRDA:416,35,0,0
BRDA:416,35,1,0
BRDA:417,36,0,0
BRDA:417,36,1,0
BRDA:428,37,0,0
BRDA:428,37,1,0
BRDA:443,38,0,0
BRDA:443,38,1,0
BRDA:459,39,0,0
BRDA:474,40,0,0
BRDA:477,41,0,0
BRDA:477,41,1,0
BRF:67
BRH:0
end_of_record
TN:
SF:src/app/home/usePhysicsInit.ts
FN:38,usePhysicsInit
FN:47,(anonymous_2)
FN:48,(anonymous_3)
FN:56,(anonymous_4)
FN:90,(anonymous_5)
FN:96,(anonymous_6)
FN:110,(anonymous_7)
FN:118,(anonymous_8)
FN:125,(anonymous_9)
FN:138,(anonymous_10)
FN:142,(anonymous_11)
FN:161,(anonymous_12)
FN:167,(anonymous_13)
FN:177,(anonymous_14)
FNF:14
FNH:0
FNDA:0,usePhysicsInit
FNDA:0,(anonymous_2)
FNDA:0,(anonymous_3)
FNDA:0,(anonymous_4)
FNDA:0,(anonymous_5)
FNDA:0,(anonymous_6)
FNDA:0,(anonymous_7)
FNDA:0,(anonymous_8)
FNDA:0,(anonymous_9)
FNDA:0,(anonymous_10)
FNDA:0,(anonymous_11)
FNDA:0,(anonymous_12)
FNDA:0,(anonymous_13)
FNDA:0,(anonymous_14)
DA:3,0
DA:5,0
DA:6,0
DA:7,0
DA:38,0
DA:39,0
DA:41,0
DA:42,0
DA:43,0
DA:44,0
DA:47,0
DA:48,0
DA:49,0
DA:50,0
DA:51,0
DA:55,0
DA:57,0
DA:59,0
DA:60,0
DA:63,0
DA:66,0
DA:67,0
DA:68,0
DA:69,0
DA:72,0
DA:78,0
DA:81,0
DA:87,0
DA:90,0
DA:91,0
DA:94,0
DA:95,0
DA:96,0
DA:97,0
DA:99,0
DA:100,0
DA:101,0
DA:106,0
DA:109,0
DA:110,0
DA:113,0
DA:114,0
DA:117,0
DA:118,0
DA:119,0
DA:120,0
DA:121,0
DA:125,0
DA:126,0
DA:127,0
DA:128,0
DA:135,0
DA:138,0
DA:139,0
DA:140,0
DA:141,0
DA:142,0
DA:143,0
DA:144,0
DA:147,0
DA:148,0
DA:154,0
DA:155,0
DA:161,0
DA:162,0
DA:163,0
DA:166,0
DA:167,0
DA:168,0
DA:175,0
DA:176,0
DA:177,0
DA:178,0
DA:179,0
DA:180,0
DA:182,0
DA:183,0
DA:189,0
DA:191,0
DA:196,0
LF:80
LH:0
BRDA:49,0,0,0
BRDA:50,1,0,0
BRDA:57,2,0,0
BRDA:57,3,0,0
BRDA:57,3,1,0
BRDA:57,3,2,0
BRDA:94,4,0,0
BRDA:94,4,1,0
BRDA:99,5,0,0
BRDA:99,5,1,0
BRDA:101,6,0,0
BRDA:113,7,0,0
BRDA:114,8,0,0
BRDA:119,9,0,0
BRDA:127,10,0,0
BRDA:140,11,0,0
BRDA:143,12,0,0
BRDA:162,13,0,0
BRDA:166,14,0,0
BRDA:166,14,1,0
BRDA:176,15,0,0
BRDA:182,16,0,0
BRF:22
BRH:0
end_of_record
TN:
SF:src/app/onboarding/howto/page.tsx
FN:5,HowtoPage
FNF:1
FNH:0
FNDA:0,HowtoPage
DA:3,0
DA:5,0
LF:2
LH:0
BRF:0
BRH:0
end_of_record
TN:
SF:src/app/onboarding/ready/page.tsx
FN:9,ReadyPage
FN:15,(anonymous_2)
FN:129,(anonymous_3)
FNF:3
FNH:0
FNDA:0,ReadyPage
FNDA:0,(anonymous_2)
FNDA:0,(anonymous_3)
DA:3,0
DA:4,0
DA:5,0
DA:6,0
DA:7,0
DA:9,0
DA:10,0
DA:11,0
DA:12,0
DA:13,0
DA:15,0
DA:16,0
DA:19,0
DA:20,0
DA:21,0
DA:23,0
DA:24,0
DA:25,0
DA:28,0
DA:29,0
DA:32,0
DA:33,0
DA:34,0
DA:35,0
DA:36,0
DA:40,0
DA:43,0
DA:44,0
DA:45,0
DA:46,0
DA:48,0
DA:49,0
DA:50,0
DA:54,0
DA:129,0
LF:35
LH:0
BRDA:19,0,0,0
BRDA:23,1,0,0
BRDA:33,2,0,0
BRDA:44,3,0,0
BRDA:122,4,0,0
BRDA:122,4,1,0
BRDA:133,5,0,0
BRDA:146,6,0,0
BRDA:146,6,1,0
BRF:9
BRH:0
end_of_record
TN:
SF:src/app/onboarding/welcome/page.tsx
FN:5,WelcomePage
FNF:1
FNH:0
FNDA:0,WelcomePage
DA:3,0
DA:5,0
LF:2
LH:0
BRF:0
BRH:0
end_of_record
TN:
SF:src/app/settings/page.tsx
FN:12,ProfileSection
FN:13,(anonymous_3)
FN:14,(anonymous_4)
FN:22,(anonymous_5)
FN:24,(anonymous_6)
FN:35,handleSave
FN:64,(anonymous_8)
FN:79,(anonymous_9)
FN:92,(anonymous_10)
FN:109,(anonymous_11)
FN:125,JellyShapeSection
FN:126,(anonymous_13)
FN:127,(anonymous_14)
FN:135,(anonymous_15)
FN:148,(anonymous_16)
FN:227,SettingsPage
FNF:16
FNH:0
FNDA:0,ProfileSection
FNDA:0,(anonymous_3)
FNDA:0,(anonymous_4)
FNDA:0,(anonymous_5)
FNDA:0,(anonymous_6)
FNDA:0,handleSave
FNDA:0,(anonymous_8)
FNDA:0,(anonymous_9)
FNDA:0,(anonymous_10)
FNDA:0,(anonymous_11)
FNDA:0,JellyShapeSection
FNDA:0,(anonymous_13)
FNDA:0,(anonymous_14)
FNDA:0,(anonymous_15)
FNDA:0,(anonymous_16)
FNDA:0,SettingsPage
DA:3,0
DA:4,0
DA:5,0
DA:6,0
DA:7,0
DA:8,0
DA:9,0
DA:13,0
DA:14,0
DA:15,0
DA:16,0
DA:17,0
DA:18,0
DA:19,0
DA:20,0
DA:22,0
DA:23,0
DA:24,0
DA:25,0
DA:27,0
DA:28,0
DA:29,0
DA:30,0
DA:36,0
DA:37,0
DA:38,0
DA:39,0
DA:40,0
DA:41,0
DA:42,0
DA:43,0
DA:44,0
DA:45,0
DA:47,0
DA:49,0
DA:64,0
DA:79,0
DA:92,0
DA:109,0
DA:126,0
DA:127,0
DA:128,0
DA:136,0
DA:137,0
DA:138,0
DA:139,0
DA:140,0
DA:141,0
DA:142,0
DA:143,0
DA:145,0
DA:148,0
DA:227,0
LF:53
LH:0
BRDA:23,0,0,0
BRDA:25,1,0,0
BRDA:27,2,0,0
BRDA:27,2,1,0
BRDA:27,2,2,0
BRDA:36,3,0,0
BRDA:37,4,0,0
BRDA:38,5,0,0
BRDA:61,6,0,0
BRDA:69,7,0,0
BRDA:76,8,0,0
BRDA:76,8,1,0
BRDA:89,9,0,0
BRDA:95,10,0,0
BRDA:95,10,1,0
BRDA:106,11,0,0
BRDA:106,11,1,0
BRDA:138,12,0,0
BRDA:138,12,1,0
BRDA:139,13,0,0
BRDA:139,13,1,0
BRDA:140,14,0,0
BRDA:140,14,1,0
BRDA:152,15,0,0
BRDA:152,15,1,0
BRDA:174,16,0,0
BRDA:174,16,1,0
BRDA:208,17,0,0
BRDA:208,17,1,0
BRF:29
BRH:0
end_of_record
TN:
SF:src/components/beads/BeadGroup.tsx
FN:27,BeadGroup
FN:32,(anonymous_5)
FN:68,(anonymous_6)
FN:70,(anonymous_7)
FN:76,(anonymous_8)
FN:77,(anonymous_9)
FN:80,(anonymous_10)
FN:95,(anonymous_11)
FN:107,(anonymous_12)
FNF:9
FNH:0
FNDA:0,BeadGroup
FNDA:0,(anonymous_5)
FNDA:0,(anonymous_6)
FNDA:0,(anonymous_7)
FNDA:0,(anonymous_8)
FNDA:0,(anonymous_9)
FNDA:0,(anonymous_10)
FNDA:0,(anonymous_11)
FNDA:0,(anonymous_12)
DA:4,0
DA:5,0
DA:6,0
DA:27,0
DA:28,0
DA:29,0
DA:32,0
DA:33,0
DA:36,0
DA:37,0
DA:38,0
DA:41,0
DA:43,0
DA:44,0
DA:45,0
DA:47,0
DA:48,0
DA:50,0
DA:51,0
DA:53,0
DA:63,0
DA:64,0
DA:67,0
DA:68,0
DA:69,0
DA:70,0
DA:71,0
DA:76,0
DA:77,0
DA:78,0
DA:79,0
DA:80,0
DA:81,0
DA:82,0
DA:85,0
DA:86,0
DA:91,0
DA:94,0
DA:95,0
DA:97,0
DA:108,0
DA:109,0
LF:42
LH:0
BRDA:33,0,0,0
BRDA:33,1,0,0
BRDA:33,1,1,0
BRDA:36,2,0,0
BRDA:41,3,0,0
BRDA:43,4,0,0
BRDA:43,4,1,0
BRDA:78,5,0,0
BRDA:81,6,0,0
BRDA:91,7,0,0
BRDA:97,8,0,0
BRDA:114,9,0,0
BRDA:114,9,1,0
BRDA:115,10,0,0
BRDA:115,10,1,0
BRF:15
BRH:0
end_of_record
TN:
SF:src/components/bridge/BridgeInitializer.tsx
FN:21,BridgeInitializer
FN:22,(anonymous_2)
FN:25,init
FN:65,(anonymous_4)
FNF:4
FNH:0
FNDA:0,BridgeInitializer
FNDA:0,(anonymous_2)
FNDA:0,init
FNDA:0,(anonymous_4)
DA:12,0
DA:14,0
DA:15,0
DA:16,0
DA:17,0
DA:18,0
DA:19,0
DA:21,0
DA:22,0
DA:23,0
DA:27,0
DA:28,0
DA:30,0
DA:33,0
DA:34,0
DA:35,0
DA:40,0
DA:41,0
DA:43,0
DA:44,0
DA:48,0
DA:49,0
DA:50,0
DA:52,0
DA:53,0
DA:55,0
DA:58,0
DA:59,0
DA:63,0
DA:65,0
DA:66,0
DA:71,0
LF:32
LH:0
BRDA:28,0,0,0
BRDA:28,1,0,0
BRDA:28,1,1,0
BRDA:34,2,0,0
BRDA:34,3,0,0
BRDA:34,3,1,0
BRDA:43,4,0,0
BRDA:50,5,0,0
BRDA:52,6,0,0
BRF:9
BRH:0
end_of_record
TN:
SF:src/components/input/EmotionInput.tsx
FN:33,EmotionInput
FN:38,(anonymous_2)
FN:39,(anonymous_3)
FN:47,(anonymous_4)
FN:48,(anonymous_5)
FN:55,(anonymous_6)
FN:80,(anonymous_7)
FN:94,(anonymous_8)
FNF:8
FNH:0
FNDA:0,EmotionInput
FNDA:0,(anonymous_2)
FNDA:0,(anonymous_3)
FNDA:0,(anonymous_4)
FNDA:0,(anonymous_5)
FNDA:0,(anonymous_6)
FNDA:0,(anonymous_7)
FNDA:0,(anonymous_8)
DA:3,0
DA:4,0
DA:5,0
DA:6,0
DA:10,0
DA:12,0
DA:14,0
DA:17,0
DA:33,0
DA:34,0
DA:35,0
DA:36,0
DA:38,0
DA:39,0
DA:41,0
DA:42,0
DA:43,0
DA:44,0
DA:47,0
DA:48,0
DA:49,0
DA:50,0
DA:55,0
DA:56,0
DA:59,0
DA:61,0
DA:62,0
DA:63,0
DA:65,0
DA:66,0
DA:68,0
DA:74,0
DA:75,0
DA:76,0
DA:77,0
DA:80,0
DA:81,0
DA:82,0
DA:83,0
DA:87,0
DA:88,0
DA:90,0
DA:94,0
DA:95,0
DA:96,0
DA:97,0
LF:46
LH:0
BRDA:42,0,0,0
BRDA:42,0,1,0
BRDA:49,1,0,0
BRDA:56,2,0,0
BRDA:87,3,0,0
BRDA:87,3,1,0
BRDA:96,4,0,0
BRDA:105,5,0,0
BRDA:125,6,0,0
BRDA:153,7,0,0
BRDA:153,7,1,0
BRDA:162,8,0,0
BRF:12
BRH:0
end_of_record
TN:
SF:src/components/jelly/EmotionFace.tsx
FN:31,EmotionFace
FN:53,renderEyes
FN:160,renderMouth
FNF:3
FNH:0
FNDA:0,EmotionFace
FNDA:0,renderEyes
FNDA:0,renderMouth
DA:4,1
DA:12,1
DA:24,1
DA:31,0
DA:32,0
DA:33,0
DA:54,0
DA:154,0
DA:161,0
DA:238,0
LF:10
LH:3
BRDA:31,0,0,0
BRDA:54,1,0,0
BRDA:161,2,0,0
BRF:3
BRH:0
end_of_record
TN:
SF:src/components/jelly/HeartParticle.tsx
FN:28,HeartParticle
FN:32,(anonymous_4)
FN:34,(anonymous_5)
FN:38,(anonymous_6)
FN:44,(anonymous_7)
FN:48,(anonymous_8)
FN:83,createHeartParticles
FN:91,(anonymous_10)
FNF:8
FNH:0
FNDA:0,HeartParticle
FNDA:0,(anonymous_4)
FNDA:0,(anonymous_5)
FNDA:0,(anonymous_6)
FNDA:0,(anonymous_7)
FNDA:0,(anonymous_8)
FNDA:0,createHeartParticles
FNDA:0,(anonymous_10)
DA:3,0
DA:28,0
DA:29,0
DA:30,0
DA:32,0
DA:34,0
DA:35,0
DA:38,0
DA:39,0
DA:44,0
DA:45,0
DA:48,0
DA:49,0
DA:50,0
DA:54,0
DA:83,0
DA:90,0
DA:91,0
LF:18
LH:0
BRDA:54,0,0,0
BRF:1
BRH:0
end_of_record
TN:
SF:src/components/jelly/JellyRenderer.tsx
FN:24,JellyRenderer
FN:248,renderEmotionEyes
FN:337,renderEmotionMouth
FNF:3
FNH:0
FNDA:0,JellyRenderer
FNDA:0,renderEmotionEyes
FNDA:0,renderEmotionMouth
DA:3,0
DA:4,0
DA:5,0
DA:24,0
DA:25,0
DA:27,0
DA:28,0
DA:29,0
DA:30,0
DA:33,0
DA:34,0
DA:37,0
DA:40,0
DA:43,0
DA:44,0
DA:47,0
DA:48,0
DA:50,0
DA:51,0
DA:54,0
DA:63,0
DA:249,0
DA:250,0
DA:252,0
DA:254,0
DA:331,0
DA:338,0
DA:339,0
DA:340,0
DA:342,0
DA:383,0
LF:31
LH:0
BRDA:25,0,0,0
BRDA:30,1,0,0
BRDA:30,1,1,0
BRDA:33,2,0,0
BRDA:33,2,1,0
BRDA:37,3,0,0
BRDA:37,3,1,0
BRDA:37,4,0,0
BRDA:37,4,1,0
BRDA:43,5,0,0
BRDA:43,5,1,0
BRDA:47,6,0,0
BRDA:54,7,0,0
BRDA:54,7,1,0
BRDA:112,8,0,0
BRDA:126,9,0,0
BRDA:140,10,0,0
BRDA:157,11,0,0
BRDA:177,12,0,0
BRDA:175,13,0,0
BRDA:175,13,1,0
BRDA:184,14,0,0
BRDA:197,15,0,0
BRDA:211,16,0,0
BRDA:224,17,0,0
BRDA:254,18,0,0
BRDA:342,19,0,0
BRF:27
BRH:0
end_of_record
TN:
SF:src/components/jelly/PhysicsCanvas.tsx
FN:21,PhysicsCanvas
FN:30,(anonymous_5)
FN:32,(anonymous_6)
FN:37,(anonymous_7)
FN:40,(anonymous_8)
FN:56,(anonymous_9)
FN:61,(anonymous_10)
FN:73,(anonymous_11)
FNF:8
FNH:0
FNDA:0,PhysicsCanvas
FNDA:0,(anonymous_5)
FNDA:0,(anonymous_6)
FNDA:0,(anonymous_7)
FNDA:0,(anonymous_8)
FNDA:0,(anonymous_9)
FNDA:0,(anonymous_10)
FNDA:0,(anonymous_11)
DA:4,0
DA:5,0
DA:21,0
DA:22,0
DA:23,0
DA:24,0
DA:25,0
DA:26,0
DA:27,0
DA:30,0
DA:31,0
DA:32,0
DA:33,0
DA:34,0
DA:36,0
DA:37,0
DA:40,0
DA:41,0
DA:44,0
DA:48,0
DA:51,0
DA:52,0
DA:53,0
DA:56,0
DA:57,0
DA:61,0
DA:62,0
DA:63,0
DA:64,0
DA:66,0
DA:67,0
DA:73,0
DA:74,0
DA:75,0
DA:77,0
LF:35
LH:0
BRDA:31,0,0,0
BRDA:41,1,0,0
BRDA:63,2,0,0
BRDA:66,3,0,0
BRDA:74,4,0,0
BRF:5
BRH:0
end_of_record
TN:
SF:src/components/layout/BottomNav.tsx
FN:9,BottomNav
FN:18,(anonymous_3)
FNF:2
FNH:0
FNDA:0,BottomNav
FNDA:0,(anonymous_3)
DA:3,0
DA:9,0
DA:10,0
DA:19,0
DA:20,0
LF:5
LH:0
BRDA:9,0,0,0
BRDA:25,1,0,0
BRDA:25,1,1,0
BRDA:32,2,0,0
BRDA:32,2,1,0
BRF:5
BRH:0
end_of_record
TN:
SF:src/components/layout/NavMenu.tsx
FN:10,NavMenu
FN:24,(anonymous_3)
FN:30,(anonymous_4)
FN:32,(anonymous_5)
FN:38,(anonymous_6)
FN:42,(anonymous_7)
FN:45,(anonymous_8)
FN:64,(anonymous_9)
FN:70,(anonymous_10)
FN:88,(anonymous_11)
FN:94,(anonymous_12)
FNF:11
FNH:3
FNDA:8,NavMenu
FNDA:0,(anonymous_3)
FNDA:8,(anonymous_4)
FNDA:0,(anonymous_5)
FNDA:0,(anonymous_6)
FNDA:8,(anonymous_7)
FNDA:0,(anonymous_8)
FNDA:0,(anonymous_9)
FNDA:0,(anonymous_10)
FNDA:0,(anonymous_11)
FNDA:0,(anonymous_12)
DA:3,1
DA:4,1
DA:10,8
DA:11,8
DA:12,8
DA:13,8
DA:15,8
DA:17,8
DA:24,8
DA:25,0
DA:26,0
DA:30,8
DA:31,8
DA:32,0
DA:33,0
DA:34,0
DA:37,0
DA:38,0
DA:42,8
DA:43,8
DA:45,0
DA:46,0
DA:48,0
DA:49,0
DA:51,0
DA:52,0
DA:53,0
DA:54,0
DA:56,0
DA:57,0
DA:58,0
DA:59,0
DA:63,0
DA:64,0
DA:70,0
DA:89,0
DA:90,0
DA:94,0
LF:38
LH:13
BRDA:10,0,0,0
BRDA:31,1,0,8
BRDA:33,2,0,0
BRDA:33,3,0,0
BRDA:33,3,1,0
BRDA:43,4,0,8
BRDA:46,5,0,0
BRDA:46,5,1,0
BRDA:46,5,2,0
BRDA:52,6,0,0
BRDA:52,6,1,0
BRDA:57,7,0,0
BRDA:57,7,1,0
BRDA:73,8,0,0
BRDA:73,8,1,8
BRDA:77,9,0,0
BRDA:77,9,1,8
BRDA:81,10,0,8
BRDA:97,11,0,0
BRDA:97,11,1,0
BRDA:99,12,0,0
BRDA:99,12,1,0
BRDA:106,13,0,0
BRDA:106,13,1,0
BRF:24
BRH:5
end_of_record
TN:
SF:src/components/ui/GlassCard.tsx
FN:9,GlassCard
FNF:1
FNH:0
FNDA:0,GlassCard
DA:9,0
DA:14,0
LF:2
LH:0
BRDA:11,0,0,0
BRDA:12,1,0,0
BRF:2
BRH:0
end_of_record
TN:
SF:src/components/ui/ThemeInitializer.tsx
FN:9,ThemeInitializer
FN:10,(anonymous_2)
FNF:2
FNH:0
FNDA:0,ThemeInitializer
FNDA:0,(anonymous_2)
DA:3,0
DA:9,0
DA:10,0
DA:11,0
DA:12,0
DA:15,0
LF:6
LH:0
BRF:0
BRH:0
end_of_record
TN:
SF:src/components/ui/ThemeToggle.tsx
FN:10,ThemeToggle
FN:11,(anonymous_2)
FN:12,(anonymous_3)
FNF:3
FNH:0
FNDA:0,ThemeToggle
FNDA:0,(anonymous_2)
FNDA:0,(anonymous_3)
DA:3,0
DA:10,0
DA:11,0
DA:12,0
DA:14,0
DA:15,0
DA:16,0
LF:7
LH:0
BRDA:15,0,0,0
BRDA:15,0,1,0
BRDA:16,1,0,0
BRDA:16,1,1,0
BRF:4
BRH:0
end_of_record
TN:
SF:src/hooks/useDrag.ts
FN:20,useDrag
FN:26,(anonymous_5)
FN:47,(anonymous_6)
FN:58,(anonymous_7)
FNF:4
FNH:0
FNDA:0,useDrag
FNDA:0,(anonymous_5)
FNDA:0,(anonymous_6)
FNDA:0,(anonymous_7)
DA:2,0
DA:3,0
DA:20,0
DA:21,0
DA:22,0
DA:23,0
DA:25,0
DA:27,0
DA:30,0
DA:33,0
DA:36,0
DA:41,0
DA:46,0
DA:48,0
DA:50,0
DA:51,0
DA:53,0
DA:58,0
DA:59,0
DA:62,0
DA:65,0
DA:67,0
DA:70,0
LF:23
LH:0
BRDA:27,0,0,0
BRDA:48,1,0,0
BRDA:48,2,0,0
BRDA:48,2,1,0
BRDA:59,3,0,0
BRF:5
BRH:0
end_of_record
TN:
SF:src/hooks/usePhysics.ts
FN:12,usePhysics
FN:17,(anonymous_5)
FN:28,(anonymous_6)
FN:39,(anonymous_7)
FNF:4
FNH:0
FNDA:0,usePhysics
FNDA:0,(anonymous_5)
FNDA:0,(anonymous_6)
FNDA:0,(anonymous_7)
DA:2,0
DA:3,0
DA:12,0
DA:13,0
DA:14,0
DA:17,0
DA:18,0
DA:22,0
DA:24,0
DA:25,0
DA:26,0
DA:28,0
DA:29,0
DA:30,0
DA:32,0
DA:33,0
DA:39,0
DA:40,0
DA:41,0
DA:45,0
LF:20
LH:0
BRDA:29,0,0,0
BRDA:32,1,0,0
BRDA:40,2,0,0
BRF:3
BRH:0
end_of_record
TN:
SF:src/lib/ai/analyzer.ts
FN:42,getApiKey
FN:46,getBaseUrl
FN:53,callModel
FN:97,analyzeEmotion
FN:119,(anonymous_5)
FN:124,(anonymous_6)
FN:129,(anonymous_7)
FN:137,(anonymous_8)
FNF:8
FNH:0
FNDA:0,getApiKey
FNDA:0,getBaseUrl
FNDA:0,callModel
FNDA:0,analyzeEmotion
FNDA:0,(anonymous_5)
FNDA:0,(anonymous_6)
FNDA:0,(anonymous_7)
FNDA:0,(anonymous_8)
DA:7,0
DA:8,0
DA:11,0
DA:14,0
DA:15,0
DA:18,0
DA:21,0
DA:24,0
DA:38,0
DA:43,0
DA:47,0
DA:60,0
DA:61,0
DA:66,0
DA:67,0
DA:81,0
DA:82,0
DA:85,0
DA:88,0
DA:90,0
DA:91,0
DA:97,0
DA:99,0
DA:100,0
DA:102,0
DA:103,0
DA:107,0
DA:108,0
DA:109,0
DA:110,0
DA:111,0
DA:117,0
DA:118,0
DA:119,0
DA:121,0
DA:122,0
DA:123,0
DA:124,0
DA:128,0
DA:129,0
DA:130,0
DA:131,0
DA:134,0
DA:135,0
DA:136,0
DA:137,0
DA:138,0
DA:139,0
DA:143,0
DA:145,0
DA:146,0
DA:148,0
DA:149,0
DA:153,0
DA:154,0
DA:155,0
DA:160,0
DA:161,0
DA:162,0
DA:164,0
DA:168,0
DA:171,0
DA:172,0
DA:175,0
DA:176,0
DA:179,0
DA:185,0
DA:186,0
DA:187,0
DA:190,0
DA:197,0
DA:199,0
DA:200,0
DA:202,0
DA:204,0
LF:75
LH:0
BRDA:47,0,0,0
BRDA:47,0,1,0
BRDA:81,1,0,0
BRDA:90,2,0,0
BRDA:90,2,1,0
BRDA:99,3,0,0
BRDA:99,4,0,0
BRDA:99,4,1,0
BRDA:102,5,0,0
BRDA:108,6,0,0
BRDA:108,6,1,0
BRDA:109,7,0,0
BRDA:123,8,0,0
BRDA:134,9,0,0
BRDA:143,10,0,0
BRDA:145,11,0,0
BRDA:145,12,0,0
BRDA:145,12,1,0
BRDA:154,13,0,0
BRDA:171,14,0,0
BRDA:176,15,0,0
BRDA:176,15,1,0
BRDA:186,16,0,0
BRDA:199,17,0,0
BRDA:199,18,0,0
BRDA:199,18,1,0
BRF:26
BRH:0
end_of_record
TN:
SF:src/lib/ai/mockAnalyzer.ts
FN:24,mockAnalyze
FN:31,(anonymous_2)
FNF:2
FNH:0
FNDA:0,mockAnalyze
FNDA:0,(anonymous_2)
DA:9,0
DA:24,0
DA:25,0
DA:27,0
DA:28,0
DA:30,0
DA:31,0
DA:32,0
DA:33,0
DA:34,0
DA:39,0
DA:43,0
LF:12
LH:0
BRDA:31,0,0,0
BRDA:31,0,1,0
BRDA:32,1,0,0
BRDA:39,2,0,0
BRDA:39,2,1,0
BRF:5
BRH:0
end_of_record
TN:
SF:src/lib/ai/schemas.ts
FNF:0
FNH:0
DA:5,0
DA:10,0
DA:13,0
LF:3
LH:0
BRF:0
BRH:0
end_of_record
TN:
SF:src/lib/constants/emotion.ts
FNF:0
FNH:0
DA:12,1
DA:26,1
DA:40,1
DA:44,1
DA:51,1
DA:56,0
DA:65,1
LF:7
LH:6
BRF:0
BRH:0
end_of_record
TN:
SF:src/lib/constants/jellyShapes.ts
FNF:0
FNH:0
DA:16,0
DA:24,0
LF:2
LH:0
BRF:0
BRH:0
end_of_record
TN:
SF:src/lib/constants/physics.ts
FNF:0
FNH:0
DA:10,0
LF:1
LH:0
BRF:0
BRH:0
end_of_record
TN:
SF:src/lib/physics/beadBody.ts
FN:14,createBeadBody
FNF:1
FNH:0
FNDA:0,createBeadBody
DA:2,0
DA:14,0
DA:15,0
DA:22,0
LF:4
LH:0
BRF:0
BRH:0
end_of_record
TN:
SF:src/lib/physics/collisions.ts
FN:14,setupCollisionDetection
FN:18,(anonymous_5)
FN:19,(anonymous_6)
FNF:3
FNH:0
FNDA:0,setupCollisionDetection
FNDA:0,(anonymous_5)
FNDA:0,(anonymous_6)
DA:2,0
DA:14,0
DA:18,0
DA:19,0
DA:20,0
DA:24,0
DA:27,0
DA:28,0
DA:29,0
DA:31,0
DA:34,0
LF:11
LH:0
BRDA:24,0,0,0
BRDA:24,0,1,0
BRDA:24,0,2,0
BRDA:24,0,3,0
BRDA:27,1,0,0
BRDA:28,2,0,0
BRDA:28,2,1,0
BRDA:29,3,0,0
BRDA:29,3,1,0
BRF:9
BRH:0
end_of_record
TN:
SF:src/lib/physics/engine.ts
FN:16,createPhysicsEngine
FN:54,createBoundaryWalls
FN:108,destroyPhysicsEngine
FN:132,updateEngine
FN:141,getEngineInstance
FNF:5
FNH:0
FNDA:0,createPhysicsEngine
FNDA:0,createBoundaryWalls
FNDA:0,destroyPhysicsEngine
FNDA:0,updateEngine
FNDA:0,getEngineInstance
DA:1,0
DA:4,0
DA:5,0
DA:16,0
DA:18,0
DA:19,0
DA:23,0
DA:24,0
DA:28,0
DA:29,0
DA:32,0
DA:33,0
DA:36,0
DA:37,0
DA:39,0
DA:54,0
DA:59,0
DA:61,0
DA:98,0
DA:100,0
DA:108,0
DA:109,0
DA:110,0
DA:114,0
DA:117,0
DA:120,0
DA:121,0
DA:132,0
DA:133,0
DA:141,0
DA:142,0
LF:31
LH:0
BRDA:18,0,0,0
BRDA:18,1,0,0
BRDA:18,1,1,0
BRDA:23,2,0,0
BRDA:109,3,0,0
BRF:5
BRH:0
end_of_record
TN:
SF:src/lib/physics/faceExpression.ts
FN:19,getFaceForState
FNF:1
FNH:0
FNDA:0,getFaceForState
DA:4,0
DA:19,0
DA:20,0
LF:3
LH:0
BRDA:20,0,0,0
BRDA:20,0,1,0
BRF:2
BRH:0
end_of_record
TN:
SF:src/lib/physics/forces.ts
FN:20,calculateMagneticForce
FN:60,applyMagneticField
FN:61,(anonymous_8)
FNF:3
FNH:0
FNDA:0,calculateMagneticForce
FNDA:0,applyMagneticField
FNDA:0,(anonymous_8)
DA:2,0
DA:5,0
DA:6,0
DA:20,0
DA:22,0
DA:23,0
DA:26,0
DA:29,0
DA:30,0
DA:34,0
DA:35,0
DA:39,0
DA:40,0
DA:44,0
DA:46,0
DA:60,0
DA:61,0
DA:62,0
DA:65,0
DA:66,0
LF:20
LH:0
BRDA:29,0,0,0
BRDA:34,1,0,0
BRDA:65,2,0,0
BRDA:65,3,0,0
BRDA:65,3,1,0
BRF:5
BRH:0
end_of_record
TN:
SF:src/lib/physics/fpsGuard.ts
FN:50,(anonymous_1)
FN:59,(anonymous_2)
FN:66,(anonymous_3)
FN:85,(anonymous_4)
FN:91,(anonymous_5)
FN:99,(anonymous_6)
FN:106,(anonymous_7)
FN:121,(anonymous_8)
FN:149,(anonymous_9)
FN:159,(anonymous_10)
FNF:10
FNH:0
FNDA:0,(anonymous_1)
FNDA:0,(anonymous_2)
FNDA:0,(anonymous_3)
FNDA:0,(anonymous_4)
FNDA:0,(anonymous_5)
FNDA:0,(anonymous_6)
FNDA:0,(anonymous_7)
FNDA:0,(anonymous_8)
FNDA:0,(anonymous_9)
FNDA:0,(anonymous_10)
DA:7,0
DA:10,0
DA:41,0
DA:45,0
DA:46,0
DA:47,0
DA:48,0
DA:51,0
DA:52,0
DA:53,0
DA:60,0
DA:67,0
DA:68,0
DA:71,0
DA:74,0
DA:75,0
DA:79,0
DA:86,0
DA:87,0
DA:91,0
DA:93,0
DA:100,0
DA:107,0
DA:109,0
DA:122,0
DA:124,0
DA:125,0
DA:133,0
DA:134,0
DA:139,0
DA:150,0
DA:151,0
DA:152,0
DA:153,0
DA:160,0
DA:162,0
DA:163,0
LF:37
LH:0
BRDA:50,0,0,0
BRDA:51,1,0,0
BRDA:51,1,1,0
BRDA:52,2,0,0
BRDA:52,2,1,0
BRDA:53,3,0,0
BRDA:53,3,1,0
BRDA:74,4,0,0
BRDA:86,5,0,0
BRDA:93,6,0,0
BRDA:93,6,1,0
BRDA:111,7,0,0
BRDA:111,7,1,0
BRDA:124,8,0,0
BRF:14
BRH:0
end_of_record
TN:
SF:src/lib/physics/softBody.ts
FN:19,createSoftBody
FNF:1
FNH:0
FNDA:0,createSoftBody
DA:2,0
DA:5,0
DA:6,0
DA:19,0
DA:30,0
DA:33,0
DA:36,0
DA:37,0
DA:38,0
DA:39,0
DA:40,0
DA:42,0
DA:48,0
DA:49,0
DA:53,0
DA:56,0
DA:57,0
DA:58,0
DA:65,0
DA:66,0
DA:70,0
DA:71,0
DA:72,0
DA:79,0
DA:80,0
DA:83,0
LF:26
LH:0
BRF:0
BRH:0
end_of_record
TN:
SF:src/lib/supabase/auth.ts
FN:13,initSupabaseSession
FN:54,linkTossUser
FN:66,getCurrentUserId
FNF:3
FNH:0
FNDA:0,initSupabaseSession
FNDA:0,linkTossUser
FNDA:0,getCurrentUserId
DA:7,0
DA:13,0
DA:15,0
DA:17,0
DA:20,0
DA:21,0
DA:22,0
DA:23,0
DA:24,0
DA:26,0
DA:30,0
DA:34,0
DA:35,0
DA:39,0
DA:45,0
DA:46,0
DA:47,0
DA:50,0
DA:54,0
DA:55,0
DA:60,0
DA:61,0
DA:66,0
DA:67,0
DA:68,0
LF:25
LH:0
BRDA:17,0,0,0
BRDA:17,0,1,0
BRDA:20,1,0,0
BRDA:22,2,0,0
BRDA:22,3,0,0
BRDA:22,3,1,0
BRDA:34,4,0,0
BRDA:45,5,0,0
BRDA:45,6,0,0
BRDA:45,6,1,0
BRDA:60,7,0,0
BRDA:68,8,0,0
BRDA:68,8,1,0
BRF:13
BRH:0
end_of_record
TN:
SF:src/lib/supabase/client.ts
FNF:0
FNH:0
DA:1,0
DA:3,0
DA:4,0
DA:8,0
LF:4
LH:0
BRF:0
BRH:0
end_of_record
TN:
SF:src/lib/supabase/db.ts
FN:6,findUserByNickname
FN:18,findUserByInviteCode
FN:30,getMyProfile
FN:42,setNickname
FN:57,saveDiaryEntry
FN:88,getMyDiaryEntries
FN:100,deleteDiaryEntry
FN:110,toggleDiaryShare
FN:122,sendFriendRequest
FN:134,acceptFriendRequest
FN:145,getMyFriends
FN:158,getPendingFriendRequests
FN:169,rejectFriendRequest
FN:179,checkFriendshipStatus
FN:192,getFriendsFeed
FNF:15
FNH:0
FNDA:0,findUserByNickname
FNDA:0,findUserByInviteCode
FNDA:0,getMyProfile
FNDA:0,setNickname
FNDA:0,saveDiaryEntry
FNDA:0,getMyDiaryEntries
FNDA:0,deleteDiaryEntry
FNDA:0,toggleDiaryShare
FNDA:0,sendFriendRequest
FNDA:0,acceptFriendRequest
FNDA:0,getMyFriends
FNDA:0,getPendingFriendRequests
FNDA:0,rejectFriendRequest
FNDA:0,checkFriendshipStatus
FNDA:0,getFriendsFeed
DA:1,0
DA:6,0
DA:7,0
DA:13,0
DA:14,0
DA:18,0
DA:19,0
DA:25,0
DA:26,0
DA:30,0
DA:31,0
DA:37,0
DA:38,0
DA:42,0
DA:43,0
DA:50,0
DA:51,0
DA:57,0
DA:68,0
DA:83,0
DA:84,0
DA:88,0
DA:89,0
DA:95,0
DA:96,0
DA:100,0
DA:101,0
DA:106,0
DA:110,0
DA:111,0
DA:116,0
DA:122,0
DA:123,0
DA:129,0
DA:130,0
DA:134,0
DA:135,0
DA:141,0
DA:145,0
DA:146,0
DA:152,0
DA:153,0
DA:158,0
DA:159,0
DA:164,0
DA:165,0
DA:169,0
DA:170,0
DA:175,0
DA:179,0
DA:180,0
DA:187,0
DA:188,0
DA:192,0
DA:193,0
DA:195,0
DA:203,0
DA:204,0
LF:58
LH:0
BRDA:13,0,0,0
BRDA:13,1,0,0
BRDA:13,1,1,0
BRDA:25,2,0,0
BRDA:25,3,0,0
BRDA:25,3,1,0
BRDA:37,4,0,0
BRDA:37,5,0,0
BRDA:37,5,1,0
BRDA:50,6,0,0
BRDA:71,7,0,0
BRDA:71,7,1,0
BRDA:77,8,0,0
BRDA:77,8,1,0
BRDA:78,9,0,0
BRDA:78,9,1,0
BRDA:83,10,0,0
BRDA:95,11,0,0
BRDA:96,12,0,0
BRDA:96,12,1,0
BRDA:106,13,0,0
BRDA:116,14,0,0
BRDA:129,15,0,0
BRDA:141,16,0,0
BRDA:152,17,0,0
BRDA:153,18,0,0
BRDA:153,18,1,0
BRDA:164,19,0,0
BRDA:165,20,0,0
BRDA:165,20,1,0
BRDA:175,21,0,0
BRDA:187,22,0,0
BRDA:187,23,0,0
BRDA:187,23,1,0
BRDA:193,24,0,0
BRDA:203,25,0,0
BRDA:204,26,0,0
BRDA:204,26,1,0
BRF:38
BRH:0
end_of_record
TN:
SF:src/lib/toss/bridge.ts
FN:16,detectWebView
FN:29,connectBridge
FN:43,(anonymous_6)
FN:44,(anonymous_7)
FN:63,getDeviceInfo
FNF:5
FNH:0
FNDA:0,detectWebView
FNDA:0,connectBridge
FNDA:0,(anonymous_6)
FNDA:0,(anonymous_7)
FNDA:0,getDeviceInfo
DA:10,0
DA:16,0
DA:17,0
DA:19,0
DA:20,0
DA:29,0
DA:32,0
DA:33,0
DA:34,0
DA:37,0
DA:38,0
DA:39,0
DA:43,0
DA:44,0
DA:47,0
DA:52,0
DA:55,0
DA:63,0
DA:64,0
DA:65,0
DA:66,0
DA:69,0
DA:70,0
DA:71,0
DA:74,0
DA:77,0
LF:26
LH:0
BRDA:17,0,0,0
BRDA:17,0,1,0
BRDA:19,1,0,0
BRDA:19,1,1,0
BRDA:20,2,0,0
BRDA:20,2,1,0
BRDA:30,3,0,0
BRDA:33,4,0,0
BRDA:38,5,0,0
BRDA:65,6,0,0
BRDA:70,7,0,0
BRF:11
BRH:0
end_of_record
TN:
SF:src/lib/utils/color.ts
FN:16,hexToRgba
FN:31,lightenHex
FN:45,darkenHex
FNF:3
FNH:0
FNDA:0,hexToRgba
FNDA:0,lightenHex
FNDA:0,darkenHex
DA:16,0
DA:18,0
DA:19,0
DA:20,0
DA:21,0
DA:22,0
DA:31,0
DA:32,0
DA:33,0
DA:34,0
DA:35,0
DA:36,0
DA:45,0
DA:46,0
DA:47,0
DA:48,0
DA:49,0
DA:50,0
LF:18
LH:0
BRDA:16,0,0,0
BRF:1
BRH:0
end_of_record
TN:
SF:src/lib/utils/touchHandler.ts
FN:23,isTouchOnJelly
FN:40,shouldHandleTouch
FNF:2
FNH:0
FNDA:0,isTouchOnJelly
FNDA:0,shouldHandleTouch
DA:23,0
DA:29,0
DA:30,0
DA:31,0
DA:32,0
DA:33,0
DA:40,0
DA:41,0
DA:44,0
DA:47,0
DA:50,0
DA:52,0
LF:12
LH:0
BRDA:44,0,0,0
BRDA:47,1,0,0
BRDA:50,2,0,0
BRF:3
BRH:0
end_of_record
TN:
SF:src/stores/diaryStore.ts
FN:40,(anonymous_1)
FN:45,(anonymous_2)
FN:49,(anonymous_3)
FN:64,(anonymous_4)
FN:74,(anonymous_5)
FN:99,(anonymous_6)
FN:101,(anonymous_7)
FN:107,(anonymous_8)
FN:109,(anonymous_9)
FN:116,(anonymous_10)
FN:127,(anonymous_11)
FN:131,(anonymous_12)
FN:136,(anonymous_13)
FN:138,(anonymous_14)
FN:138,(anonymous_15)
FN:153,(anonymous_16)
FN:156,(anonymous_17)
FN:157,(anonymous_18)
FN:170,(anonymous_19)
FN:171,(anonymous_20)
FN:186,formatDateKey
FN:193,getMonday
FNF:22
FNH:0
FNDA:0,(anonymous_1)
FNDA:0,(anonymous_2)
FNDA:0,(anonymous_3)
FNDA:0,(anonymous_4)
FNDA:0,(anonymous_5)
FNDA:0,(anonymous_6)
FNDA:0,(anonymous_7)
FNDA:0,(anonymous_8)
FNDA:0,(anonymous_9)
FNDA:0,(anonymous_10)
FNDA:0,(anonymous_11)
FNDA:0,(anonymous_12)
FNDA:0,(anonymous_13)
FNDA:0,(anonymous_14)
FNDA:0,(anonymous_15)
FNDA:0,(anonymous_16)
FNDA:0,(anonymous_17)
FNDA:0,(anonymous_18)
FNDA:0,(anonymous_19)
FNDA:0,(anonymous_20)
FNDA:0,formatDateKey
FNDA:0,getMonday
DA:7,0
DA:8,0
DA:10,0
DA:38,0
DA:40,0
DA:46,0
DA:47,0
DA:48,0
DA:49,0
DA:58,0
DA:60,0
DA:66,0
DA:69,0
DA:70,0
DA:73,0
DA:74,0
DA:80,0
DA:81,0
DA:82,0
DA:83,0
DA:100,0
DA:101,0
DA:102,0
DA:103,0
DA:108,0
DA:109,0
DA:110,0
DA:111,0
DA:112,0
DA:117,0
DA:118,0
DA:119,0
DA:121,0
DA:126,0
DA:128,0
DA:129,0
DA:131,0
DA:133,0
DA:137,0
DA:138,0
DA:143,0
DA:144,0
DA:145,0
DA:146,0
DA:155,0
DA:156,0
DA:158,0
DA:165,0
DA:166,0
DA:169,0
DA:170,0
DA:172,0
DA:178,0
DA:187,0
DA:188,0
DA:189,0
DA:190,0
DA:194,0
DA:195,0
DA:196,0
DA:197,0
DA:198,0
DA:199,0
LF:63
LH:0
BRDA:66,0,0,0
BRDA:66,0,1,0
BRDA:66,1,0,0
BRDA:66,1,1,0
BRDA:81,2,0,0
BRDA:129,3,0,0
BRDA:129,3,1,0
BRDA:144,4,0,0
BRDA:158,5,0,0
BRDA:158,5,1,0
BRDA:172,6,0,0
BRDA:172,6,1,0
BRDA:196,7,0,0
BRDA:196,7,1,0
BRF:14
BRH:0
end_of_record
TN:
SF:src/stores/jellyStore.ts
FN:134,(anonymous_1)
FN:171,(anonymous_2)
FN:194,(anonymous_3)
FN:195,(anonymous_4)
FN:204,(anonymous_5)
FN:205,(anonymous_6)
FN:214,(anonymous_7)
FN:219,(anonymous_8)
FN:224,(anonymous_9)
FN:225,(anonymous_10)
FN:231,(anonymous_11)
FN:232,(anonymous_12)
FN:238,(anonymous_13)
FN:243,(anonymous_14)
FN:248,(anonymous_15)
FN:253,(anonymous_16)
FN:260,(anonymous_17)
FN:261,(anonymous_18)
FN:278,(anonymous_19)
FN:283,(anonymous_20)
FN:288,(anonymous_21)
FN:294,(anonymous_22)
FN:302,(anonymous_23)
FN:316,(anonymous_24)
FN:332,(anonymous_25)
FN:338,(anonymous_26)
FNF:26
FNH:0
FNDA:0,(anonymous_1)
FNDA:0,(anonymous_2)
FNDA:0,(anonymous_3)
FNDA:0,(anonymous_4)
FNDA:0,(anonymous_5)
FNDA:0,(anonymous_6)
FNDA:0,(anonymous_7)
FNDA:0,(anonymous_8)
FNDA:0,(anonymous_9)
FNDA:0,(anonymous_10)
FNDA:0,(anonymous_11)
FNDA:0,(anonymous_12)
FNDA:0,(anonymous_13)
FNDA:0,(anonymous_14)
FNDA:0,(anonymous_15)
FNDA:0,(anonymous_16)
FNDA:0,(anonymous_17)
FNDA:0,(anonymous_18)
FNDA:0,(anonymous_19)
FNDA:0,(anonymous_20)
FNDA:0,(anonymous_21)
FNDA:0,(anonymous_22)
FNDA:0,(anonymous_23)
FNDA:0,(anonymous_24)
FNDA:0,(anonymous_25)
FNDA:0,(anonymous_26)
DA:1,0
DA:2,0
DA:6,0
DA:7,0
DA:10,0
DA:19,0
DA:131,0
DA:134,0
DA:172,0
DA:175,0
DA:176,0
DA:177,0
DA:181,0
DA:185,0
DA:190,0
DA:195,0
DA:205,0
DA:215,0
DA:220,0
DA:225,0
DA:232,0
DA:239,0
DA:244,0
DA:249,0
DA:254,0
DA:261,0
DA:266,0
DA:267,0
DA:268,0
DA:279,0
DA:284,0
DA:289,0
DA:295,0
DA:296,0
DA:297,0
DA:303,0
DA:304,0
DA:305,0
DA:306,0
DA:309,0
DA:316,0
DA:317,0
DA:318,0
DA:319,0
DA:332,0
DA:340,0
DA:341,0
DA:342,0
DA:350,0
DA:351,0
DA:352,0
DA:354,0
DA:360,0
LF:53
LH:0
BRDA:176,0,0,0
BRDA:176,1,0,0
BRDA:176,1,1,0
BRDA:179,2,0,0
BRDA:179,2,1,0
BRDA:224,3,0,0
BRDA:231,4,0,0
BRDA:267,5,0,0
BRDA:296,6,0,0
BRDA:305,7,0,0
BRDA:305,8,0,0
BRDA:305,8,1,0
BRDA:318,9,0,0
BRDA:341,10,0,0
BRDA:341,11,0,0
BRDA:341,11,1,0
BRDA:344,12,0,0
BRDA:344,12,1,0
BRDA:345,13,0,0
BRDA:345,13,1,0
BRDA:350,14,0,0
BRDA:350,15,0,0
BRDA:350,15,1,0
BRDA:352,16,0,0
BRDA:352,17,0,0
BRDA:352,17,1,0
BRF:26
BRH:0
end_of_record
TN:
SF:src/stores/themeStore.ts
FN:31,getSystemTheme
FN:39,applyDarkClass
FN:52,resolveTheme
FN:66,(anonymous_4)
FN:70,(anonymous_5)
FN:84,(anonymous_6)
FN:91,(anonymous_7)
FN:105,(anonymous_8)
FNF:8
FNH:0
FNDA:0,getSystemTheme
FNDA:0,applyDarkClass
FNDA:0,resolveTheme
FNDA:0,(anonymous_4)
FNDA:0,(anonymous_5)
FNDA:0,(anonymous_6)
FNDA:0,(anonymous_7)
FNDA:0,(anonymous_8)
DA:1,0
DA:8,0
DA:11,0
DA:32,0
DA:33,0
DA:40,0
DA:42,0
DA:43,0
DA:45,0
DA:53,0
DA:54,0
DA:66,0
DA:71,0
DA:74,0
DA:75,0
DA:79,0
DA:81,0
DA:85,0
DA:87,0
DA:88,0
DA:92,0
DA:95,0
DA:96,0
DA:97,0
DA:99,0
DA:101,0
DA:104,0
DA:105,0
DA:106,0
DA:107,0
DA:108,0
DA:109,0
DA:110,0
DA:114,0
LF:34
LH:0
BRDA:32,0,0,0
BRDA:33,1,0,0
BRDA:33,1,1,0
BRDA:40,2,0,0
BRDA:42,3,0,0
BRDA:42,3,1,0
BRDA:53,4,0,0
BRDA:74,5,0,0
BRDA:87,6,0,0
BRDA:87,6,1,0
BRDA:92,7,0,0
BRDA:96,8,0,0
BRDA:96,8,1,0
BRDA:107,9,0,0
BRDA:108,10,0,0
BRDA:108,10,1,0
BRF:16
BRH:0
end_of_record
TN:
SF:src/stores/tossStore.ts
FN:53,(anonymous_1)
FN:61,(anonymous_2)
FN:65,(anonymous_3)
FN:71,(anonymous_4)
FN:76,(anonymous_5)
FN:80,(anonymous_6)
FN:84,(anonymous_7)
FNF:7
FNH:0
FNDA:0,(anonymous_1)
FNDA:0,(anonymous_2)
FNDA:0,(anonymous_3)
FNDA:0,(anonymous_4)
FNDA:0,(anonymous_5)
FNDA:0,(anonymous_6)
FNDA:0,(anonymous_7)
DA:6,0
DA:7,0
DA:9,0
DA:10,0
DA:51,0
DA:53,0
DA:62,0
DA:66,0
DA:67,0
DA:69,0
DA:70,0
DA:71,0
DA:77,0
DA:81,0
DA:85,0
LF:15
LH:0
BRDA:67,0,0,0
BRDA:70,1,0,0
BRF:2
BRH:0
end_of_record
